<?xml version="1.0" encoding="UTF-8" ?>
<testsuite failures="0" time="68.415" errors="2" skipped="0" tests="2" name="com.javiermoreno.aws.sdkdemo.DynamoDBTest">
  <properties>
[...]
</properties>
  <testcase time="0" classname="com.javiermoreno.aws.sdkdemo.DynamoDBTest" name="com.javiermoreno.aws.sdkdemo.DynamoDBTest">
    <error message="Too many retries creating dynamodb table." type="java.lang.RuntimeException">java.lang.RuntimeException: Too many retries creating dynamodb table.
	at com.javiermoreno.aws.sdkdemo.DynamoDBTest.checkCreateTable(DynamoDBTest.java:94)
	at sun.reflect.NativeMethodAccessorImpl.invoke0(Native Method)
	at sun.reflect.NativeMethodAccessorImpl.invoke(NativeMethodAccessorImpl.java:57)
	at sun.reflect.DelegatingMethodAccessorImpl.invoke(DelegatingMethodAccessorImpl.java:43)
	at java.lang.reflect.Method.invoke(Method.java:606)
	at org.junit.runners.model.FrameworkMethod$1.runReflectiveCall(FrameworkMethod.java:47)
	at org.junit.internal.runners.model.ReflectiveCallable.run(ReflectiveCallable.java:12)
	at org.junit.runners.model.FrameworkMethod.invokeExplosively(FrameworkMethod.java:44)
	at org.junit.internal.runners.statements.RunBefores.evaluate(RunBefores.java:24)
	at org.junit.internal.runners.statements.RunAfters.evaluate(RunAfters.java:27)
	at org.junit.runners.ParentRunner.run(ParentRunner.java:309)
	at org.apache.maven.surefire.junit4.JUnit4TestSet.execute(JUnit4TestSet.java:53)
	at org.apache.maven.surefire.junit4.JUnit4Provider.executeTestSet(JUnit4Provider.java:123)
	at org.apache.maven.surefire.junit4.JUnit4Provider.invoke(JUnit4Provider.java:104)
	at sun.reflect.NativeMethodAccessorImpl.invoke0(Native Method)
	at sun.reflect.NativeMethodAccessorImpl.invoke(NativeMethodAccessorImpl.java:57)
	at sun.reflect.DelegatingMethodAccessorImpl.invoke(DelegatingMethodAccessorImpl.java:43)
	at java.lang.reflect.Method.invoke(Method.java:606)
	at org.apache.maven.surefire.util.ReflectionUtils.invokeMethodWithArray(ReflectionUtils.java:164)
	at org.apache.maven.surefire.booter.ProviderFactory$ProviderProxy.invoke(ProviderFactory.java:110)
	at org.apache.maven.surefire.booter.SurefireStarter.invokeProvider(SurefireStarter.java:175)
	at org.apache.maven.surefire.booter.SurefireStarter.runSuitesInProcessWhenForked(SurefireStarter.java:107)
	at org.apache.maven.surefire.booter.ForkedBooter.main(ForkedBooter.java:68)
</error>
    <system-out>2013-10-27 18:36:06,856 DEBUG [com.amazonaws.services.dynamodbv2.AmazonDynamoDB] - &lt;Overriding default max error retry value to: 10&gt;
2013-10-27 18:36:06,864 DEBUG [com.amazonaws.request] - &lt;Retreiving regions file from the cloudfront distribution: https://d3s62xsdspbbg2.cloudfront.net/endpoints.xml&gt;
2013-10-27 18:36:08,707 INFO [com.javiermoreno.aws.sdkdemo.DynamoDBTest] - &lt;Creating table patiensd4de1e11-a02c-4f9f-a5ea-595eb7a883b6.&gt;
2013-10-27 18:36:08,753 DEBUG [com.amazonaws.auth.AWS4Signer] - &lt;AWS4 Canonical Request: &apos;&quot;POST
/

content-length:350
content-type:application/x-amz-json-1.0
host:dynamodb.us-east-1.amazonaws.com
user-agent:aws-sdk-java/1.6.1 Windows_7/6.1 Java_HotSpot(TM)_64-Bit_Server_VM/23.25-b01
x-amz-date:20131027T173608Z
x-amz-target:DynamoDB_20120810.CreateTable

content-length;content-type;host;user-agent;x-amz-date;x-amz-target
9a61926adbc2c444a0c46579ef65deb01cb1d388d8a963323b3d64cc0fbaa1fc&quot;&gt;
2013-10-27 18:36:08,754 DEBUG [com.amazonaws.auth.AWS4Signer] - &lt;AWS4 String to Sign: &apos;&quot;AWS4-HMAC-SHA256
20131027T173608Z
20131027/us-east-1/dynamodb/aws4_request
1ae5623d47acc720de0bd1bcc99a37f7b47ac734524eb5d435208be8ad0ebe4e&quot;&gt;
2013-10-27 18:36:08,757 DEBUG [com.amazonaws.request] - &lt;Sending Request: POST https://dynamodb.us-east-1.amazonaws.com / Headers: (X-Amz-Date: 20131027T173608Z, Authorization: AWS4-HMAC-SHA256 Credential=AKIAJQ2HSONEW5E574UQ/20131027/us-east-1/dynamodb/aws4_request, SignedHeaders=content-length;content-type;host;user-agent;x-amz-date;x-amz-target, Signature=28dc4c5a8c209e9fbef2d4bc62c75f980fb595b6427ebf2041e2c3df4f7cadd5, Host: dynamodb.us-east-1.amazonaws.com, X-Amz-Target: DynamoDB_20120810.CreateTable, Content-Length: 350, User-Agent: aws-sdk-java/1.6.1 Windows_7/6.1 Java_HotSpot(TM)_64-Bit_Server_VM/23.25-b01, Content-Type: application/x-amz-json-1.0, ) &gt;
2013-10-27 18:36:11,114 DEBUG [com.amazonaws.request] - &lt;Received successful response: 200, AWS Request ID: DGJD2JK2MFUMR2864HLMHIDGPVVV4KQNSO5AEMVJF66Q9ASUAAJG&gt;
2013-10-27 18:36:11,116 DEBUG [com.amazonaws.auth.AWS4Signer] - &lt;AWS4 Canonical Request: &apos;&quot;POST
/

content-length:59
content-type:application/x-amz-json-1.0
host:dynamodb.us-east-1.amazonaws.com
user-agent:aws-sdk-java/1.6.1 Windows_7/6.1 Java_HotSpot(TM)_64-Bit_Server_VM/23.25-b01
x-amz-date:20131027T173611Z
x-amz-target:DynamoDB_20120810.DescribeTable

content-length;content-type;host;user-agent;x-amz-date;x-amz-target
50c1b44e56ffbb5ba84d80e22f6929598a55585eca448d1d12cc21a8bbc04e70&quot;&gt;
2013-10-27 18:36:11,117 DEBUG [com.amazonaws.auth.AWS4Signer] - &lt;AWS4 String to Sign: &apos;&quot;AWS4-HMAC-SHA256
20131027T173611Z
20131027/us-east-1/dynamodb/aws4_request
190e69e18e4bad5dca770063afa8dbd6178a1084189ff004fb654110027d18ab&quot;&gt;
2013-10-27 18:36:11,118 DEBUG [com.amazonaws.request] - &lt;Sending Request: POST https://dynamodb.us-east-1.amazonaws.com / Headers: (X-Amz-Date: 20131027T173611Z, Authorization: AWS4-HMAC-SHA256 Credential=AKIAJQ2HSONEW5E574UQ/20131027/us-east-1/dynamodb/aws4_request, SignedHeaders=content-length;content-type;host;user-agent;x-amz-date;x-amz-target, Signature=2a2f375fb47a0f462a6be15d1542b2ca856d8db10ecf63d9eba984f4c532b1f2, Host: dynamodb.us-east-1.amazonaws.com, X-Amz-Target: DynamoDB_20120810.DescribeTable, Content-Length: 59, User-Agent: aws-sdk-java/1.6.1 Windows_7/6.1 Java_HotSpot(TM)_64-Bit_Server_VM/23.25-b01, Content-Type: application/x-amz-json-1.0, ) &gt;
2013-10-27 18:36:11,364 DEBUG [com.amazonaws.request] - &lt;Received successful response: 200, AWS Request ID: 9FRG44JLLR94DCFILA7EL5FIKBVV4KQNSO5AEMVJF66Q9ASUAAJG&gt;
2013-10-27 18:36:11,365 DEBUG [com.javiermoreno.aws.sdkdemo.DynamoDBTest] - &lt;Table status: CREATING.&gt;
2013-10-27 18:36:12,366 DEBUG [com.amazonaws.auth.AWS4Signer] - &lt;AWS4 Canonical Request: &apos;&quot;POST
/

content-length:59
content-type:application/x-amz-json-1.0
host:dynamodb.us-east-1.amazonaws.com
user-agent:aws-sdk-java/1.6.1 Windows_7/6.1 Java_HotSpot(TM)_64-Bit_Server_VM/23.25-b01
x-amz-date:20131027T173612Z
x-amz-target:DynamoDB_20120810.DescribeTable

content-length;content-type;host;user-agent;x-amz-date;x-amz-target
50c1b44e56ffbb5ba84d80e22f6929598a55585eca448d1d12cc21a8bbc04e70&quot;&gt;
2013-10-27 18:36:12,368 DEBUG [com.amazonaws.auth.AWS4Signer] - &lt;AWS4 String to Sign: &apos;&quot;AWS4-HMAC-SHA256
20131027T173612Z
20131027/us-east-1/dynamodb/aws4_request
87f8d42f54c5f7fb90f06f8ed16fefb7c591f2809280db505f3f86e513d4613b&quot;&gt;
2013-10-27 18:36:12,372 DEBUG [com.amazonaws.request] - &lt;Sending Request: POST https://dynamodb.us-east-1.amazonaws.com / Headers: (X-Amz-Date: 20131027T173612Z, Authorization: AWS4-HMAC-SHA256 Credential=AKIAJQ2HSONEW5E574UQ/20131027/us-east-1/dynamodb/aws4_request, SignedHeaders=content-length;content-type;host;user-agent;x-amz-date;x-amz-target, Signature=e840c57d6e3bc1ba96e2b5ce121d805702e2c9edf87a57c685effb9b7030358d, Host: dynamodb.us-east-1.amazonaws.com, X-Amz-Target: DynamoDB_20120810.DescribeTable, Content-Length: 59, User-Agent: aws-sdk-java/1.6.1 Windows_7/6.1 Java_HotSpot(TM)_64-Bit_Server_VM/23.25-b01, Content-Type: application/x-amz-json-1.0, ) &gt;
2013-10-27 18:36:12,556 DEBUG [com.amazonaws.request] - &lt;Received successful response: 200, AWS Request ID: F3KLR4AUOPFSVNFNUMEVOVUFAJVV4KQNSO5AEMVJF66Q9ASUAAJG&gt;
2013-10-27 18:36:12,556 DEBUG [com.javiermoreno.aws.sdkdemo.DynamoDBTest] - &lt;Table status: CREATING.&gt;
2013-10-27 18:36:13,558 DEBUG [com.amazonaws.auth.AWS4Signer] - &lt;AWS4 Canonical Request: &apos;&quot;POST
/

content-length:59
content-type:application/x-amz-json-1.0
host:dynamodb.us-east-1.amazonaws.com
user-agent:aws-sdk-java/1.6.1 Windows_7/6.1 Java_HotSpot(TM)_64-Bit_Server_VM/23.25-b01
x-amz-date:20131027T173613Z
x-amz-target:DynamoDB_20120810.DescribeTable

content-length;content-type;host;user-agent;x-amz-date;x-amz-target
50c1b44e56ffbb5ba84d80e22f6929598a55585eca448d1d12cc21a8bbc04e70&quot;&gt;
2013-10-27 18:36:13,559 DEBUG [com.amazonaws.auth.AWS4Signer] - &lt;AWS4 String to Sign: &apos;&quot;AWS4-HMAC-SHA256
20131027T173613Z
20131027/us-east-1/dynamodb/aws4_request
39f260cfa348fc4eb49d82e3f07504b18a04f7c32e41c071d019e229da520070&quot;&gt;
2013-10-27 18:36:13,560 DEBUG [com.amazonaws.request] - &lt;Sending Request: POST https://dynamodb.us-east-1.amazonaws.com / Headers: (X-Amz-Date: 20131027T173613Z, Authorization: AWS4-HMAC-SHA256 Credential=AKIAJQ2HSONEW5E574UQ/20131027/us-east-1/dynamodb/aws4_request, SignedHeaders=content-length;content-type;host;user-agent;x-amz-date;x-amz-target, Signature=b5ea2cdb43f2ff361473052e05376bb5a30fba5b127bbd236068909a4f5e2e95, Host: dynamodb.us-east-1.amazonaws.com, X-Amz-Target: DynamoDB_20120810.DescribeTable, Content-Length: 59, User-Agent: aws-sdk-java/1.6.1 Windows_7/6.1 Java_HotSpot(TM)_64-Bit_Server_VM/23.25-b01, Content-Type: application/x-amz-json-1.0, ) &gt;
2013-10-27 18:36:13,736 DEBUG [com.amazonaws.request] - &lt;Received successful response: 200, AWS Request ID: L9EUSJ4SU54LFHP4T2FN73554RVV4KQNSO5AEMVJF66Q9ASUAAJG&gt;
2013-10-27 18:36:13,737 DEBUG [com.javiermoreno.aws.sdkdemo.DynamoDBTest] - &lt;Table status: CREATING.&gt;
2013-10-27 18:36:14,738 DEBUG [com.amazonaws.auth.AWS4Signer] - &lt;AWS4 Canonical Request: &apos;&quot;POST
/

content-length:59
content-type:application/x-amz-json-1.0
host:dynamodb.us-east-1.amazonaws.com
user-agent:aws-sdk-java/1.6.1 Windows_7/6.1 Java_HotSpot(TM)_64-Bit_Server_VM/23.25-b01
x-amz-date:20131027T173614Z
x-amz-target:DynamoDB_20120810.DescribeTable

content-length;content-type;host;user-agent;x-amz-date;x-amz-target
50c1b44e56ffbb5ba84d80e22f6929598a55585eca448d1d12cc21a8bbc04e70&quot;&gt;
2013-10-27 18:36:14,739 DEBUG [com.amazonaws.auth.AWS4Signer] - &lt;AWS4 String to Sign: &apos;&quot;AWS4-HMAC-SHA256
20131027T173614Z
20131027/us-east-1/dynamodb/aws4_request
c0a86ad3a9524a85bc5c44507082cb43e3f23e316098e583aab323fa3e45bd45&quot;&gt;
2013-10-27 18:36:14,740 DEBUG [com.amazonaws.request] - &lt;Sending Request: POST https://dynamodb.us-east-1.amazonaws.com / Headers: (X-Amz-Date: 20131027T173614Z, Authorization: AWS4-HMAC-SHA256 Credential=AKIAJQ2HSONEW5E574UQ/20131027/us-east-1/dynamodb/aws4_request, SignedHeaders=content-length;content-type;host;user-agent;x-amz-date;x-amz-target, Signature=a009a29ac875a85ae421a4d1d1dc8ad6fd60c669702c8f70b1ce27f8aa9ad2af, Host: dynamodb.us-east-1.amazonaws.com, X-Amz-Target: DynamoDB_20120810.DescribeTable, Content-Length: 59, User-Agent: aws-sdk-java/1.6.1 Windows_7/6.1 Java_HotSpot(TM)_64-Bit_Server_VM/23.25-b01, Content-Type: application/x-amz-json-1.0, ) &gt;
2013-10-27 18:36:14,962 DEBUG [com.amazonaws.request] - &lt;Received successful response: 200, AWS Request ID: 9JMA5AL87N70KICOJRPO3PPCEFVV4KQNSO5AEMVJF66Q9ASUAAJG&gt;
2013-10-27 18:36:14,963 DEBUG [com.javiermoreno.aws.sdkdemo.DynamoDBTest] - &lt;Table status: CREATING.&gt;
2013-10-27 18:36:15,964 DEBUG [com.amazonaws.auth.AWS4Signer] - &lt;AWS4 Canonical Request: &apos;&quot;POST
/

content-length:59
content-type:application/x-amz-json-1.0
host:dynamodb.us-east-1.amazonaws.com
user-agent:aws-sdk-java/1.6.1 Windows_7/6.1 Java_HotSpot(TM)_64-Bit_Server_VM/23.25-b01
x-amz-date:20131027T173615Z
x-amz-target:DynamoDB_20120810.DescribeTable

content-length;content-type;host;user-agent;x-amz-date;x-amz-target
50c1b44e56ffbb5ba84d80e22f6929598a55585eca448d1d12cc21a8bbc04e70&quot;&gt;
2013-10-27 18:36:15,964 DEBUG [com.amazonaws.auth.AWS4Signer] - &lt;AWS4 String to Sign: &apos;&quot;AWS4-HMAC-SHA256
20131027T173615Z
20131027/us-east-1/dynamodb/aws4_request
b9063348d6443ce0d47eafa50d6dbe6bf55a77bb4a733e250a3409aa7dd33767&quot;&gt;
2013-10-27 18:36:15,965 DEBUG [com.amazonaws.request] - &lt;Sending Request: POST https://dynamodb.us-east-1.amazonaws.com / Headers: (X-Amz-Date: 20131027T173615Z, Authorization: AWS4-HMAC-SHA256 Credential=AKIAJQ2HSONEW5E574UQ/20131027/us-east-1/dynamodb/aws4_request, SignedHeaders=content-length;content-type;host;user-agent;x-amz-date;x-amz-target, Signature=2d6ef7d43c30c21cd3348a4a67b83b6f24a0f41dc4b41a6b3745cf2248cc3fd3, Host: dynamodb.us-east-1.amazonaws.com, X-Amz-Target: DynamoDB_20120810.DescribeTable, Content-Length: 59, User-Agent: aws-sdk-java/1.6.1 Windows_7/6.1 Java_HotSpot(TM)_64-Bit_Server_VM/23.25-b01, Content-Type: application/x-amz-json-1.0, ) &gt;
2013-10-27 18:36:16,192 DEBUG [com.amazonaws.request] - &lt;Received successful response: 200, AWS Request ID: TMFH4QLU59NDRM9RUOU3GSA84JVV4KQNSO5AEMVJF66Q9ASUAAJG&gt;
2013-10-27 18:36:16,193 DEBUG [com.javiermoreno.aws.sdkdemo.DynamoDBTest] - &lt;Table status: CREATING.&gt;
2013-10-27 18:36:17,194 DEBUG [com.amazonaws.auth.AWS4Signer] - &lt;AWS4 Canonical Request: &apos;&quot;POST
/

content-length:59
content-type:application/x-amz-json-1.0
host:dynamodb.us-east-1.amazonaws.com
user-agent:aws-sdk-java/1.6.1 Windows_7/6.1 Java_HotSpot(TM)_64-Bit_Server_VM/23.25-b01
x-amz-date:20131027T173617Z
x-amz-target:DynamoDB_20120810.DescribeTable

content-length;content-type;host;user-agent;x-amz-date;x-amz-target
50c1b44e56ffbb5ba84d80e22f6929598a55585eca448d1d12cc21a8bbc04e70&quot;&gt;
2013-10-27 18:36:17,195 DEBUG [com.amazonaws.auth.AWS4Signer] - &lt;AWS4 String to Sign: &apos;&quot;AWS4-HMAC-SHA256
20131027T173617Z
20131027/us-east-1/dynamodb/aws4_request
85bd6f478b10915c968196b29ad38419341b11b343269162ab298c23a64f4ca1&quot;&gt;
2013-10-27 18:36:17,196 DEBUG [com.amazonaws.request] - &lt;Sending Request: POST https://dynamodb.us-east-1.amazonaws.com / Headers: (X-Amz-Date: 20131027T173617Z, Authorization: AWS4-HMAC-SHA256 Credential=AKIAJQ2HSONEW5E574UQ/20131027/us-east-1/dynamodb/aws4_request, SignedHeaders=content-length;content-type;host;user-agent;x-amz-date;x-amz-target, Signature=624cff085aa17f4ab07f09dea35a7b016960593d670aa8330b841810f873177c, Host: dynamodb.us-east-1.amazonaws.com, X-Amz-Target: DynamoDB_20120810.DescribeTable, Content-Length: 59, User-Agent: aws-sdk-java/1.6.1 Windows_7/6.1 Java_HotSpot(TM)_64-Bit_Server_VM/23.25-b01, Content-Type: application/x-amz-json-1.0, ) &gt;
2013-10-27 18:36:17,423 DEBUG [com.amazonaws.request] - &lt;Received successful response: 200, AWS Request ID: QP2CJNE06U3V6LGF1RUU0CMT9RVV4KQNSO5AEMVJF66Q9ASUAAJG&gt;
2013-10-27 18:36:17,424 DEBUG [com.javiermoreno.aws.sdkdemo.DynamoDBTest] - &lt;Table status: CREATING.&gt;
2013-10-27 18:36:18,425 DEBUG [com.amazonaws.auth.AWS4Signer] - &lt;AWS4 Canonical Request: &apos;&quot;POST
/

content-length:59
content-type:application/x-amz-json-1.0
host:dynamodb.us-east-1.amazonaws.com
user-agent:aws-sdk-java/1.6.1 Windows_7/6.1 Java_HotSpot(TM)_64-Bit_Server_VM/23.25-b01
x-amz-date:20131027T173618Z
x-amz-target:DynamoDB_20120810.DescribeTable

content-length;content-type;host;user-agent;x-amz-date;x-amz-target
50c1b44e56ffbb5ba84d80e22f6929598a55585eca448d1d12cc21a8bbc04e70&quot;&gt;
2013-10-27 18:36:18,425 DEBUG [com.amazonaws.auth.AWS4Signer] - &lt;AWS4 String to Sign: &apos;&quot;AWS4-HMAC-SHA256
20131027T173618Z
20131027/us-east-1/dynamodb/aws4_request
60be531a6eaa79c1d573f531f4f79ec298b0d3821d70270c1323a116b0c0b111&quot;&gt;
2013-10-27 18:36:18,426 DEBUG [com.amazonaws.request] - &lt;Sending Request: POST https://dynamodb.us-east-1.amazonaws.com / Headers: (X-Amz-Date: 20131027T173618Z, Authorization: AWS4-HMAC-SHA256 Credential=AKIAJQ2HSONEW5E574UQ/20131027/us-east-1/dynamodb/aws4_request, SignedHeaders=content-length;content-type;host;user-agent;x-amz-date;x-amz-target, Signature=cb3cf1577365ff7eb6e6ff110d26fa1903275ab77b23c430713206b6227b5230, Host: dynamodb.us-east-1.amazonaws.com, X-Amz-Target: DynamoDB_20120810.DescribeTable, Content-Length: 59, User-Agent: aws-sdk-java/1.6.1 Windows_7/6.1 Java_HotSpot(TM)_64-Bit_Server_VM/23.25-b01, Content-Type: application/x-amz-json-1.0, ) &gt;
2013-10-27 18:36:18,692 DEBUG [com.amazonaws.request] - &lt;Received successful response: 200, AWS Request ID: 0KKIS3ABHI0UHGOAMHOBUDPEI3VV4KQNSO5AEMVJF66Q9ASUAAJG&gt;
2013-10-27 18:36:18,693 DEBUG [com.javiermoreno.aws.sdkdemo.DynamoDBTest] - &lt;Table status: CREATING.&gt;
2013-10-27 18:36:19,694 DEBUG [com.amazonaws.auth.AWS4Signer] - &lt;AWS4 Canonical Request: &apos;&quot;POST
/

content-length:59
content-type:application/x-amz-json-1.0
host:dynamodb.us-east-1.amazonaws.com
user-agent:aws-sdk-java/1.6.1 Windows_7/6.1 Java_HotSpot(TM)_64-Bit_Server_VM/23.25-b01
x-amz-date:20131027T173619Z
x-amz-target:DynamoDB_20120810.DescribeTable

content-length;content-type;host;user-agent;x-amz-date;x-amz-target
50c1b44e56ffbb5ba84d80e22f6929598a55585eca448d1d12cc21a8bbc04e70&quot;&gt;
2013-10-27 18:36:19,694 DEBUG [com.amazonaws.auth.AWS4Signer] - &lt;AWS4 String to Sign: &apos;&quot;AWS4-HMAC-SHA256
20131027T173619Z
20131027/us-east-1/dynamodb/aws4_request
5d6d49737d91f015c97d144554c6b8ba87544f1df0e85bc14d073405e7ef3394&quot;&gt;
2013-10-27 18:36:19,695 DEBUG [com.amazonaws.request] - &lt;Sending Request: POST https://dynamodb.us-east-1.amazonaws.com / Headers: (X-Amz-Date: 20131027T173619Z, Authorization: AWS4-HMAC-SHA256 Credential=AKIAJQ2HSONEW5E574UQ/20131027/us-east-1/dynamodb/aws4_request, SignedHeaders=content-length;content-type;host;user-agent;x-amz-date;x-amz-target, Signature=6f8580e563e9bf10c700cbaab1b944bf57fd97c9fd081efc320d62f56790fb63, Host: dynamodb.us-east-1.amazonaws.com, X-Amz-Target: DynamoDB_20120810.DescribeTable, Content-Length: 59, User-Agent: aws-sdk-java/1.6.1 Windows_7/6.1 Java_HotSpot(TM)_64-Bit_Server_VM/23.25-b01, Content-Type: application/x-amz-json-1.0, ) &gt;
2013-10-27 18:36:19,893 DEBUG [com.amazonaws.request] - &lt;Received successful response: 200, AWS Request ID: CL7J22C3DKNT98HFJ6HJHCMV27VV4KQNSO5AEMVJF66Q9ASUAAJG&gt;
2013-10-27 18:36:19,893 DEBUG [com.javiermoreno.aws.sdkdemo.DynamoDBTest] - &lt;Table status: CREATING.&gt;
2013-10-27 18:36:20,894 DEBUG [com.amazonaws.auth.AWS4Signer] - &lt;AWS4 Canonical Request: &apos;&quot;POST
/

content-length:59
content-type:application/x-amz-json-1.0
host:dynamodb.us-east-1.amazonaws.com
user-agent:aws-sdk-java/1.6.1 Windows_7/6.1 Java_HotSpot(TM)_64-Bit_Server_VM/23.25-b01
x-amz-date:20131027T173620Z
x-amz-target:DynamoDB_20120810.DescribeTable

content-length;content-type;host;user-agent;x-amz-date;x-amz-target
50c1b44e56ffbb5ba84d80e22f6929598a55585eca448d1d12cc21a8bbc04e70&quot;&gt;
2013-10-27 18:36:20,894 DEBUG [com.amazonaws.auth.AWS4Signer] - &lt;AWS4 String to Sign: &apos;&quot;AWS4-HMAC-SHA256
20131027T173620Z
20131027/us-east-1/dynamodb/aws4_request
f49331c871d938cce48e4625d934e27b65ef4598ed762e0071df3ddc1fddf4e7&quot;&gt;
2013-10-27 18:36:20,895 DEBUG [com.amazonaws.request] - &lt;Sending Request: POST https://dynamodb.us-east-1.amazonaws.com / Headers: (X-Amz-Date: 20131027T173620Z, Authorization: AWS4-HMAC-SHA256 Credential=AKIAJQ2HSONEW5E574UQ/20131027/us-east-1/dynamodb/aws4_request, SignedHeaders=content-length;content-type;host;user-agent;x-amz-date;x-amz-target, Signature=7a0bd6904b776b631ed325dd8377d400c7a6aae41ddf12d81b746a71224cf623, Host: dynamodb.us-east-1.amazonaws.com, X-Amz-Target: DynamoDB_20120810.DescribeTable, Content-Length: 59, User-Agent: aws-sdk-java/1.6.1 Windows_7/6.1 Java_HotSpot(TM)_64-Bit_Server_VM/23.25-b01, Content-Type: application/x-amz-json-1.0, ) &gt;
2013-10-27 18:36:21,107 DEBUG [com.amazonaws.request] - &lt;Received successful response: 200, AWS Request ID: UGOTSBLPVI36KQF4FTNOEF6Q0FVV4KQNSO5AEMVJF66Q9ASUAAJG&gt;
2013-10-27 18:36:21,107 DEBUG [com.javiermoreno.aws.sdkdemo.DynamoDBTest] - &lt;Table status: CREATING.&gt;
2013-10-27 18:36:22,108 DEBUG [com.amazonaws.auth.AWS4Signer] - &lt;AWS4 Canonical Request: &apos;&quot;POST
/

content-length:59
content-type:application/x-amz-json-1.0
host:dynamodb.us-east-1.amazonaws.com
user-agent:aws-sdk-java/1.6.1 Windows_7/6.1 Java_HotSpot(TM)_64-Bit_Server_VM/23.25-b01
x-amz-date:20131027T173622Z
x-amz-target:DynamoDB_20120810.DescribeTable

content-length;content-type;host;user-agent;x-amz-date;x-amz-target
50c1b44e56ffbb5ba84d80e22f6929598a55585eca448d1d12cc21a8bbc04e70&quot;&gt;
2013-10-27 18:36:22,109 DEBUG [com.amazonaws.auth.AWS4Signer] - &lt;AWS4 String to Sign: &apos;&quot;AWS4-HMAC-SHA256
20131027T173622Z
20131027/us-east-1/dynamodb/aws4_request
b2fa5c322703169ea3fdd2034836593c217bb57ba5e034144521838fb7ac1e91&quot;&gt;
2013-10-27 18:36:22,110 DEBUG [com.amazonaws.request] - &lt;Sending Request: POST https://dynamodb.us-east-1.amazonaws.com / Headers: (X-Amz-Date: 20131027T173622Z, Authorization: AWS4-HMAC-SHA256 Credential=AKIAJQ2HSONEW5E574UQ/20131027/us-east-1/dynamodb/aws4_request, SignedHeaders=content-length;content-type;host;user-agent;x-amz-date;x-amz-target, Signature=eab81063d9bb228a431227c41ab7f807415efefb2ce869435bc0a7814e6548c2, Host: dynamodb.us-east-1.amazonaws.com, X-Amz-Target: DynamoDB_20120810.DescribeTable, Content-Length: 59, User-Agent: aws-sdk-java/1.6.1 Windows_7/6.1 Java_HotSpot(TM)_64-Bit_Server_VM/23.25-b01, Content-Type: application/x-amz-json-1.0, ) &gt;
2013-10-27 18:36:22,345 DEBUG [com.amazonaws.request] - &lt;Received successful response: 200, AWS Request ID: B6FPCJ9TVF5AIOJRGNI2CVTV9FVV4KQNSO5AEMVJF66Q9ASUAAJG&gt;
2013-10-27 18:36:22,345 DEBUG [com.javiermoreno.aws.sdkdemo.DynamoDBTest] - &lt;Table status: CREATING.&gt;
2013-10-27 18:36:23,346 DEBUG [com.amazonaws.auth.AWS4Signer] - &lt;AWS4 Canonical Request: &apos;&quot;POST
/

content-length:59
content-type:application/x-amz-json-1.0
host:dynamodb.us-east-1.amazonaws.com
user-agent:aws-sdk-java/1.6.1 Windows_7/6.1 Java_HotSpot(TM)_64-Bit_Server_VM/23.25-b01
x-amz-date:20131027T173623Z
x-amz-target:DynamoDB_20120810.DescribeTable

content-length;content-type;host;user-agent;x-amz-date;x-amz-target
50c1b44e56ffbb5ba84d80e22f6929598a55585eca448d1d12cc21a8bbc04e70&quot;&gt;
2013-10-27 18:36:23,347 DEBUG [com.amazonaws.auth.AWS4Signer] - &lt;AWS4 String to Sign: &apos;&quot;AWS4-HMAC-SHA256
20131027T173623Z
20131027/us-east-1/dynamodb/aws4_request
8a645ab7deff2ae2aa65fd2a82f3fd597cdd0eae85c79217571d9e53fc43ad9c&quot;&gt;
2013-10-27 18:36:23,348 DEBUG [com.amazonaws.request] - &lt;Sending Request: POST https://dynamodb.us-east-1.amazonaws.com / Headers: (X-Amz-Date: 20131027T173623Z, Authorization: AWS4-HMAC-SHA256 Credential=AKIAJQ2HSONEW5E574UQ/20131027/us-east-1/dynamodb/aws4_request, SignedHeaders=content-length;content-type;host;user-agent;x-amz-date;x-amz-target, Signature=d089a4590fb0d3de26280728cca1e402981ad81e1ec22d56b7ba0d6a8fe67b92, Host: dynamodb.us-east-1.amazonaws.com, X-Amz-Target: DynamoDB_20120810.DescribeTable, Content-Length: 59, User-Agent: aws-sdk-java/1.6.1 Windows_7/6.1 Java_HotSpot(TM)_64-Bit_Server_VM/23.25-b01, Content-Type: application/x-amz-json-1.0, ) &gt;
2013-10-27 18:36:23,594 DEBUG [com.amazonaws.request] - &lt;Received successful response: 200, AWS Request ID: ANAJU6DSAJRBHT7MN7S3CR743RVV4KQNSO5AEMVJF66Q9ASUAAJG&gt;
2013-10-27 18:36:23,595 DEBUG [com.javiermoreno.aws.sdkdemo.DynamoDBTest] - &lt;Table status: CREATING.&gt;
2013-10-27 18:36:24,596 DEBUG [com.amazonaws.auth.AWS4Signer] - &lt;AWS4 Canonical Request: &apos;&quot;POST
/

content-length:59
content-type:application/x-amz-json-1.0
host:dynamodb.us-east-1.amazonaws.com
user-agent:aws-sdk-java/1.6.1 Windows_7/6.1 Java_HotSpot(TM)_64-Bit_Server_VM/23.25-b01
x-amz-date:20131027T173624Z
x-amz-target:DynamoDB_20120810.DescribeTable

content-length;content-type;host;user-agent;x-amz-date;x-amz-target
50c1b44e56ffbb5ba84d80e22f6929598a55585eca448d1d12cc21a8bbc04e70&quot;&gt;
2013-10-27 18:36:24,597 DEBUG [com.amazonaws.auth.AWS4Signer] - &lt;AWS4 String to Sign: &apos;&quot;AWS4-HMAC-SHA256
20131027T173624Z
20131027/us-east-1/dynamodb/aws4_request
a9eed6354f19e372879ef4746140cc48a69e0a5e3c410f78052a3883de456523&quot;&gt;
2013-10-27 18:36:24,598 DEBUG [com.amazonaws.request] - &lt;Sending Request: POST https://dynamodb.us-east-1.amazonaws.com / Headers: (X-Amz-Date: 20131027T173624Z, Authorization: AWS4-HMAC-SHA256 Credential=AKIAJQ2HSONEW5E574UQ/20131027/us-east-1/dynamodb/aws4_request, SignedHeaders=content-length;content-type;host;user-agent;x-amz-date;x-amz-target, Signature=8720862f1e9818c7524bff29eecd176595f87847eb1e4415ff0fde9afdd8d473, Host: dynamodb.us-east-1.amazonaws.com, X-Amz-Target: DynamoDB_20120810.DescribeTable, Content-Length: 59, User-Agent: aws-sdk-java/1.6.1 Windows_7/6.1 Java_HotSpot(TM)_64-Bit_Server_VM/23.25-b01, Content-Type: application/x-amz-json-1.0, ) &gt;
2013-10-27 18:36:24,846 DEBUG [com.amazonaws.request] - &lt;Received successful response: 200, AWS Request ID: HIV4IOAFB2JOUSANN9JCC69K5NVV4KQNSO5AEMVJF66Q9ASUAAJG&gt;
2013-10-27 18:36:24,846 DEBUG [com.javiermoreno.aws.sdkdemo.DynamoDBTest] - &lt;Table status: CREATING.&gt;
2013-10-27 18:36:25,847 DEBUG [com.amazonaws.auth.AWS4Signer] - &lt;AWS4 Canonical Request: &apos;&quot;POST
/

content-length:59
content-type:application/x-amz-json-1.0
host:dynamodb.us-east-1.amazonaws.com
user-agent:aws-sdk-java/1.6.1 Windows_7/6.1 Java_HotSpot(TM)_64-Bit_Server_VM/23.25-b01
x-amz-date:20131027T173625Z
x-amz-target:DynamoDB_20120810.DescribeTable

content-length;content-type;host;user-agent;x-amz-date;x-amz-target
50c1b44e56ffbb5ba84d80e22f6929598a55585eca448d1d12cc21a8bbc04e70&quot;&gt;
2013-10-27 18:36:25,847 DEBUG [com.amazonaws.auth.AWS4Signer] - &lt;AWS4 String to Sign: &apos;&quot;AWS4-HMAC-SHA256
20131027T173625Z
20131027/us-east-1/dynamodb/aws4_request
223f5aa53231447ab01dbdfcca5f775c71132e6b379690d8d3729a9813ff6ceb&quot;&gt;
2013-10-27 18:36:25,848 DEBUG [com.amazonaws.request] - &lt;Sending Request: POST https://dynamodb.us-east-1.amazonaws.com / Headers: (X-Amz-Date: 20131027T173625Z, Authorization: AWS4-HMAC-SHA256 Credential=AKIAJQ2HSONEW5E574UQ/20131027/us-east-1/dynamodb/aws4_request, SignedHeaders=content-length;content-type;host;user-agent;x-amz-date;x-amz-target, Signature=a5809848bc24d5dc0dfc0f6570929379ca30d7482f700b6fe36067b75dce4b23, Host: dynamodb.us-east-1.amazonaws.com, X-Amz-Target: DynamoDB_20120810.DescribeTable, Content-Length: 59, User-Agent: aws-sdk-java/1.6.1 Windows_7/6.1 Java_HotSpot(TM)_64-Bit_Server_VM/23.25-b01, Content-Type: application/x-amz-json-1.0, ) &gt;
2013-10-27 18:36:26,124 DEBUG [com.amazonaws.request] - &lt;Received successful response: 200, AWS Request ID: 0UFRMR5990HPULBK83OVD40RN3VV4KQNSO5AEMVJF66Q9ASUAAJG&gt;
2013-10-27 18:36:26,124 DEBUG [com.javiermoreno.aws.sdkdemo.DynamoDBTest] - &lt;Table status: CREATING.&gt;
2013-10-27 18:36:27,125 DEBUG [com.amazonaws.auth.AWS4Signer] - &lt;AWS4 Canonical Request: &apos;&quot;POST
/

content-length:59
content-type:application/x-amz-json-1.0
host:dynamodb.us-east-1.amazonaws.com
user-agent:aws-sdk-java/1.6.1 Windows_7/6.1 Java_HotSpot(TM)_64-Bit_Server_VM/23.25-b01
x-amz-date:20131027T173627Z
x-amz-target:DynamoDB_20120810.DescribeTable

content-length;content-type;host;user-agent;x-amz-date;x-amz-target
50c1b44e56ffbb5ba84d80e22f6929598a55585eca448d1d12cc21a8bbc04e70&quot;&gt;
2013-10-27 18:36:27,125 DEBUG [com.amazonaws.auth.AWS4Signer] - &lt;AWS4 String to Sign: &apos;&quot;AWS4-HMAC-SHA256
20131027T173627Z
20131027/us-east-1/dynamodb/aws4_request
066540f685299ef3c0e869d58d196f1c613ee67a9f10a7f9360b22e2dea13f48&quot;&gt;
2013-10-27 18:36:27,126 DEBUG [com.amazonaws.request] - &lt;Sending Request: POST https://dynamodb.us-east-1.amazonaws.com / Headers: (X-Amz-Date: 20131027T173627Z, Authorization: AWS4-HMAC-SHA256 Credential=AKIAJQ2HSONEW5E574UQ/20131027/us-east-1/dynamodb/aws4_request, SignedHeaders=content-length;content-type;host;user-agent;x-amz-date;x-amz-target, Signature=4d3ca0fe6060d8a30dd03601c4438c79369730e00ec5dc5278a3cd4a218e9fc1, Host: dynamodb.us-east-1.amazonaws.com, X-Amz-Target: DynamoDB_20120810.DescribeTable, Content-Length: 59, User-Agent: aws-sdk-java/1.6.1 Windows_7/6.1 Java_HotSpot(TM)_64-Bit_Server_VM/23.25-b01, Content-Type: application/x-amz-json-1.0, ) &gt;
2013-10-27 18:36:27,339 DEBUG [com.amazonaws.request] - &lt;Received successful response: 200, AWS Request ID: ALCI04D64V08PVT8BBT99K3AAVVV4KQNSO5AEMVJF66Q9ASUAAJG&gt;
2013-10-27 18:36:27,339 DEBUG [com.javiermoreno.aws.sdkdemo.DynamoDBTest] - &lt;Table status: CREATING.&gt;
2013-10-27 18:36:28,340 DEBUG [com.amazonaws.auth.AWS4Signer] - &lt;AWS4 Canonical Request: &apos;&quot;POST
/

content-length:59
content-type:application/x-amz-json-1.0
host:dynamodb.us-east-1.amazonaws.com
user-agent:aws-sdk-java/1.6.1 Windows_7/6.1 Java_HotSpot(TM)_64-Bit_Server_VM/23.25-b01
x-amz-date:20131027T173628Z
x-amz-target:DynamoDB_20120810.DescribeTable

content-length;content-type;host;user-agent;x-amz-date;x-amz-target
50c1b44e56ffbb5ba84d80e22f6929598a55585eca448d1d12cc21a8bbc04e70&quot;&gt;
2013-10-27 18:36:28,340 DEBUG [com.amazonaws.auth.AWS4Signer] - &lt;AWS4 String to Sign: &apos;&quot;AWS4-HMAC-SHA256
20131027T173628Z
20131027/us-east-1/dynamodb/aws4_request
c739a70b4f30f6d644f1d9c21d92e7fb68549fd35050c9f9c8d63e6cf36c9791&quot;&gt;
2013-10-27 18:36:28,341 DEBUG [com.amazonaws.request] - &lt;Sending Request: POST https://dynamodb.us-east-1.amazonaws.com / Headers: (X-Amz-Date: 20131027T173628Z, Authorization: AWS4-HMAC-SHA256 Credential=AKIAJQ2HSONEW5E574UQ/20131027/us-east-1/dynamodb/aws4_request, SignedHeaders=content-length;content-type;host;user-agent;x-amz-date;x-amz-target, Signature=afefb0df78f8d27326df1e43c1ee2fbb0ce33101dd0259f2808ea19c5b7b7c92, Host: dynamodb.us-east-1.amazonaws.com, X-Amz-Target: DynamoDB_20120810.DescribeTable, Content-Length: 59, User-Agent: aws-sdk-java/1.6.1 Windows_7/6.1 Java_HotSpot(TM)_64-Bit_Server_VM/23.25-b01, Content-Type: application/x-amz-json-1.0, ) &gt;
2013-10-27 18:36:28,539 DEBUG [com.amazonaws.request] - &lt;Received successful response: 200, AWS Request ID: 0F8GLK5AHEV8GSV4R6UUTFIAL7VV4KQNSO5AEMVJF66Q9ASUAAJG&gt;
2013-10-27 18:36:28,539 DEBUG [com.javiermoreno.aws.sdkdemo.DynamoDBTest] - &lt;Table status: CREATING.&gt;
2013-10-27 18:36:29,540 DEBUG [com.amazonaws.auth.AWS4Signer] - &lt;AWS4 Canonical Request: &apos;&quot;POST
/

content-length:59
content-type:application/x-amz-json-1.0
host:dynamodb.us-east-1.amazonaws.com
user-agent:aws-sdk-java/1.6.1 Windows_7/6.1 Java_HotSpot(TM)_64-Bit_Server_VM/23.25-b01
x-amz-date:20131027T173629Z
x-amz-target:DynamoDB_20120810.DescribeTable

content-length;content-type;host;user-agent;x-amz-date;x-amz-target
50c1b44e56ffbb5ba84d80e22f6929598a55585eca448d1d12cc21a8bbc04e70&quot;&gt;
2013-10-27 18:36:29,541 DEBUG [com.amazonaws.auth.AWS4Signer] - &lt;AWS4 String to Sign: &apos;&quot;AWS4-HMAC-SHA256
20131027T173629Z
20131027/us-east-1/dynamodb/aws4_request
004c73f209690df810453205bbd73ab90eb94c87aef5b4a866abbc432bad3260&quot;&gt;
2013-10-27 18:36:29,542 DEBUG [com.amazonaws.request] - &lt;Sending Request: POST https://dynamodb.us-east-1.amazonaws.com / Headers: (X-Amz-Date: 20131027T173629Z, Authorization: AWS4-HMAC-SHA256 Credential=AKIAJQ2HSONEW5E574UQ/20131027/us-east-1/dynamodb/aws4_request, SignedHeaders=content-length;content-type;host;user-agent;x-amz-date;x-amz-target, Signature=a4c2ddaede8e3d569a90bc0076af9cd48c1e534d454c1db180b620bcf1810608, Host: dynamodb.us-east-1.amazonaws.com, X-Amz-Target: DynamoDB_20120810.DescribeTable, Content-Length: 59, User-Agent: aws-sdk-java/1.6.1 Windows_7/6.1 Java_HotSpot(TM)_64-Bit_Server_VM/23.25-b01, Content-Type: application/x-amz-json-1.0, ) &gt;
2013-10-27 18:36:29,754 DEBUG [com.amazonaws.request] - &lt;Received successful response: 200, AWS Request ID: PIR21JI6ITJT6B4TFH6A6D7A7JVV4KQNSO5AEMVJF66Q9ASUAAJG&gt;
2013-10-27 18:36:29,755 DEBUG [com.javiermoreno.aws.sdkdemo.DynamoDBTest] - &lt;Table status: CREATING.&gt;
2013-10-27 18:36:30,756 DEBUG [com.amazonaws.auth.AWS4Signer] - &lt;AWS4 Canonical Request: &apos;&quot;POST
/

content-length:59
content-type:application/x-amz-json-1.0
host:dynamodb.us-east-1.amazonaws.com
user-agent:aws-sdk-java/1.6.1 Windows_7/6.1 Java_HotSpot(TM)_64-Bit_Server_VM/23.25-b01
x-amz-date:20131027T173630Z
x-amz-target:DynamoDB_20120810.DescribeTable

content-length;content-type;host;user-agent;x-amz-date;x-amz-target
50c1b44e56ffbb5ba84d80e22f6929598a55585eca448d1d12cc21a8bbc04e70&quot;&gt;
2013-10-27 18:36:30,756 DEBUG [com.amazonaws.auth.AWS4Signer] - &lt;AWS4 String to Sign: &apos;&quot;AWS4-HMAC-SHA256
20131027T173630Z
20131027/us-east-1/dynamodb/aws4_request
9a2deb55f0ac28a03a538b30a9eb18718fca36c589e6aa2df5daf4fe2e997735&quot;&gt;
2013-10-27 18:36:30,757 DEBUG [com.amazonaws.request] - &lt;Sending Request: POST https://dynamodb.us-east-1.amazonaws.com / Headers: (X-Amz-Date: 20131027T173630Z, Authorization: AWS4-HMAC-SHA256 Credential=AKIAJQ2HSONEW5E574UQ/20131027/us-east-1/dynamodb/aws4_request, SignedHeaders=content-length;content-type;host;user-agent;x-amz-date;x-amz-target, Signature=db970a3febf959ca665874adc2cc130ba50bdb3ba68b07878982e9c23334b501, Host: dynamodb.us-east-1.amazonaws.com, X-Amz-Target: DynamoDB_20120810.DescribeTable, Content-Length: 59, User-Agent: aws-sdk-java/1.6.1 Windows_7/6.1 Java_HotSpot(TM)_64-Bit_Server_VM/23.25-b01, Content-Type: application/x-amz-json-1.0, ) &gt;
2013-10-27 18:36:31,044 DEBUG [com.amazonaws.request] - &lt;Received successful response: 200, AWS Request ID: 029IAN7H53FAOB4PMIQVPB71PBVV4KQNSO5AEMVJF66Q9ASUAAJG&gt;
2013-10-27 18:36:31,045 DEBUG [com.javiermoreno.aws.sdkdemo.DynamoDBTest] - &lt;Table status: CREATING.&gt;
2013-10-27 18:36:32,046 DEBUG [com.amazonaws.auth.AWS4Signer] - &lt;AWS4 Canonical Request: &apos;&quot;POST
/

content-length:59
content-type:application/x-amz-json-1.0
host:dynamodb.us-east-1.amazonaws.com
user-agent:aws-sdk-java/1.6.1 Windows_7/6.1 Java_HotSpot(TM)_64-Bit_Server_VM/23.25-b01
x-amz-date:20131027T173632Z
x-amz-target:DynamoDB_20120810.DescribeTable

content-length;content-type;host;user-agent;x-amz-date;x-amz-target
50c1b44e56ffbb5ba84d80e22f6929598a55585eca448d1d12cc21a8bbc04e70&quot;&gt;
2013-10-27 18:36:32,046 DEBUG [com.amazonaws.auth.AWS4Signer] - &lt;AWS4 String to Sign: &apos;&quot;AWS4-HMAC-SHA256
20131027T173632Z
20131027/us-east-1/dynamodb/aws4_request
6e821685c91e6327e8f797fa1e4d483e74c49c6d17d3126baacb91da1b39e1d1&quot;&gt;
2013-10-27 18:36:32,047 DEBUG [com.amazonaws.request] - &lt;Sending Request: POST https://dynamodb.us-east-1.amazonaws.com / Headers: (X-Amz-Date: 20131027T173632Z, Authorization: AWS4-HMAC-SHA256 Credential=AKIAJQ2HSONEW5E574UQ/20131027/us-east-1/dynamodb/aws4_request, SignedHeaders=content-length;content-type;host;user-agent;x-amz-date;x-amz-target, Signature=4e680836f3a1a4113304f0959314ed19d46dd3a3b814d335fbbb186eeb7180fe, Host: dynamodb.us-east-1.amazonaws.com, X-Amz-Target: DynamoDB_20120810.DescribeTable, Content-Length: 59, User-Agent: aws-sdk-java/1.6.1 Windows_7/6.1 Java_HotSpot(TM)_64-Bit_Server_VM/23.25-b01, Content-Type: application/x-amz-json-1.0, ) &gt;
2013-10-27 18:36:32,302 DEBUG [com.amazonaws.request] - &lt;Received successful response: 200, AWS Request ID: 6RN7AODBEJ2RBP9TD9REU48227VV4KQNSO5AEMVJF66Q9ASUAAJG&gt;
2013-10-27 18:36:32,302 DEBUG [com.javiermoreno.aws.sdkdemo.DynamoDBTest] - &lt;Table status: CREATING.&gt;
2013-10-27 18:36:33,302 DEBUG [com.amazonaws.auth.AWS4Signer] - &lt;AWS4 Canonical Request: &apos;&quot;POST
/

content-length:59
content-type:application/x-amz-json-1.0
host:dynamodb.us-east-1.amazonaws.com
user-agent:aws-sdk-java/1.6.1 Windows_7/6.1 Java_HotSpot(TM)_64-Bit_Server_VM/23.25-b01
x-amz-date:20131027T173633Z
x-amz-target:DynamoDB_20120810.DescribeTable

content-length;content-type;host;user-agent;x-amz-date;x-amz-target
50c1b44e56ffbb5ba84d80e22f6929598a55585eca448d1d12cc21a8bbc04e70&quot;&gt;
2013-10-27 18:36:33,303 DEBUG [com.amazonaws.auth.AWS4Signer] - &lt;AWS4 String to Sign: &apos;&quot;AWS4-HMAC-SHA256
20131027T173633Z
20131027/us-east-1/dynamodb/aws4_request
caaafd1a15ced0e2fd523bbae2dc4fa46fcf1b88d9e502f4645dca92ca54633c&quot;&gt;
2013-10-27 18:36:33,303 DEBUG [com.amazonaws.request] - &lt;Sending Request: POST https://dynamodb.us-east-1.amazonaws.com / Headers: (X-Amz-Date: 20131027T173633Z, Authorization: AWS4-HMAC-SHA256 Credential=AKIAJQ2HSONEW5E574UQ/20131027/us-east-1/dynamodb/aws4_request, SignedHeaders=content-length;content-type;host;user-agent;x-amz-date;x-amz-target, Signature=4b94dc53229f262ccbef29ad52055da49e312d69a3f14e18714a4282dd61d8d2, Host: dynamodb.us-east-1.amazonaws.com, X-Amz-Target: DynamoDB_20120810.DescribeTable, Content-Length: 59, User-Agent: aws-sdk-java/1.6.1 Windows_7/6.1 Java_HotSpot(TM)_64-Bit_Server_VM/23.25-b01, Content-Type: application/x-amz-json-1.0, ) &gt;
2013-10-27 18:36:33,655 DEBUG [com.amazonaws.request] - &lt;Received successful response: 200, AWS Request ID: 19K4SS1LSTFAL4830FLG168D8RVV4KQNSO5AEMVJF66Q9ASUAAJG&gt;
2013-10-27 18:36:33,655 DEBUG [com.javiermoreno.aws.sdkdemo.DynamoDBTest] - &lt;Table status: CREATING.&gt;
2013-10-27 18:36:34,656 DEBUG [com.amazonaws.auth.AWS4Signer] - &lt;AWS4 Canonical Request: &apos;&quot;POST
/

content-length:59
content-type:application/x-amz-json-1.0
host:dynamodb.us-east-1.amazonaws.com
user-agent:aws-sdk-java/1.6.1 Windows_7/6.1 Java_HotSpot(TM)_64-Bit_Server_VM/23.25-b01
x-amz-date:20131027T173634Z
x-amz-target:DynamoDB_20120810.DescribeTable

content-length;content-type;host;user-agent;x-amz-date;x-amz-target
50c1b44e56ffbb5ba84d80e22f6929598a55585eca448d1d12cc21a8bbc04e70&quot;&gt;
2013-10-27 18:36:34,656 DEBUG [com.amazonaws.auth.AWS4Signer] - &lt;AWS4 String to Sign: &apos;&quot;AWS4-HMAC-SHA256
20131027T173634Z
20131027/us-east-1/dynamodb/aws4_request
8d6cfb240f5bb13a33c1e885dd8d0daf6d574c8297df0d782ea904cc36e387a8&quot;&gt;
2013-10-27 18:36:34,657 DEBUG [com.amazonaws.request] - &lt;Sending Request: POST https://dynamodb.us-east-1.amazonaws.com / Headers: (X-Amz-Date: 20131027T173634Z, Authorization: AWS4-HMAC-SHA256 Credential=AKIAJQ2HSONEW5E574UQ/20131027/us-east-1/dynamodb/aws4_request, SignedHeaders=content-length;content-type;host;user-agent;x-amz-date;x-amz-target, Signature=83a3731968c1fd7f42f608d3a91845cab02f6720dfdc5f0988867b98faf77991, Host: dynamodb.us-east-1.amazonaws.com, X-Amz-Target: DynamoDB_20120810.DescribeTable, Content-Length: 59, User-Agent: aws-sdk-java/1.6.1 Windows_7/6.1 Java_HotSpot(TM)_64-Bit_Server_VM/23.25-b01, Content-Type: application/x-amz-json-1.0, ) &gt;
2013-10-27 18:36:34,835 DEBUG [com.amazonaws.request] - &lt;Received successful response: 200, AWS Request ID: 8N69MU1D2625B6OU6VBFDP2C93VV4KQNSO5AEMVJF66Q9ASUAAJG&gt;
2013-10-27 18:36:34,836 DEBUG [com.javiermoreno.aws.sdkdemo.DynamoDBTest] - &lt;Table status: CREATING.&gt;
2013-10-27 18:36:35,837 DEBUG [com.amazonaws.auth.AWS4Signer] - &lt;AWS4 Canonical Request: &apos;&quot;POST
/

content-length:59
content-type:application/x-amz-json-1.0
host:dynamodb.us-east-1.amazonaws.com
user-agent:aws-sdk-java/1.6.1 Windows_7/6.1 Java_HotSpot(TM)_64-Bit_Server_VM/23.25-b01
x-amz-date:20131027T173635Z
x-amz-target:DynamoDB_20120810.DescribeTable

content-length;content-type;host;user-agent;x-amz-date;x-amz-target
50c1b44e56ffbb5ba84d80e22f6929598a55585eca448d1d12cc21a8bbc04e70&quot;&gt;
2013-10-27 18:36:35,837 DEBUG [com.amazonaws.auth.AWS4Signer] - &lt;AWS4 String to Sign: &apos;&quot;AWS4-HMAC-SHA256
20131027T173635Z
20131027/us-east-1/dynamodb/aws4_request
6e0a288b4e963e55c0e8da015e1995c29516253785fb0666c34a0781344a0bee&quot;&gt;
2013-10-27 18:36:35,838 DEBUG [com.amazonaws.request] - &lt;Sending Request: POST https://dynamodb.us-east-1.amazonaws.com / Headers: (X-Amz-Date: 20131027T173635Z, Authorization: AWS4-HMAC-SHA256 Credential=AKIAJQ2HSONEW5E574UQ/20131027/us-east-1/dynamodb/aws4_request, SignedHeaders=content-length;content-type;host;user-agent;x-amz-date;x-amz-target, Signature=d91dbfa9e3b8375260122ada47438a899ae721600cc898eb0373cf55cf922bc9, Host: dynamodb.us-east-1.amazonaws.com, X-Amz-Target: DynamoDB_20120810.DescribeTable, Content-Length: 59, User-Agent: aws-sdk-java/1.6.1 Windows_7/6.1 Java_HotSpot(TM)_64-Bit_Server_VM/23.25-b01, Content-Type: application/x-amz-json-1.0, ) &gt;
2013-10-27 18:36:36,051 DEBUG [com.amazonaws.request] - &lt;Received successful response: 200, AWS Request ID: GBARL7S8K6O7LB9D6FL5U54PNRVV4KQNSO5AEMVJF66Q9ASUAAJG&gt;
2013-10-27 18:36:36,051 DEBUG [com.javiermoreno.aws.sdkdemo.DynamoDBTest] - &lt;Table status: CREATING.&gt;
2013-10-27 18:36:37,052 DEBUG [com.amazonaws.auth.AWS4Signer] - &lt;AWS4 Canonical Request: &apos;&quot;POST
/

content-length:59
content-type:application/x-amz-json-1.0
host:dynamodb.us-east-1.amazonaws.com
user-agent:aws-sdk-java/1.6.1 Windows_7/6.1 Java_HotSpot(TM)_64-Bit_Server_VM/23.25-b01
x-amz-date:20131027T173637Z
x-amz-target:DynamoDB_20120810.DescribeTable

content-length;content-type;host;user-agent;x-amz-date;x-amz-target
50c1b44e56ffbb5ba84d80e22f6929598a55585eca448d1d12cc21a8bbc04e70&quot;&gt;
2013-10-27 18:36:37,052 DEBUG [com.amazonaws.auth.AWS4Signer] - &lt;AWS4 String to Sign: &apos;&quot;AWS4-HMAC-SHA256
20131027T173637Z
20131027/us-east-1/dynamodb/aws4_request
7bdeadc38f456578b18701d5f4b87ff39b921d902f3207e28999947d2bdd4407&quot;&gt;
2013-10-27 18:36:37,053 DEBUG [com.amazonaws.request] - &lt;Sending Request: POST https://dynamodb.us-east-1.amazonaws.com / Headers: (X-Amz-Date: 20131027T173637Z, Authorization: AWS4-HMAC-SHA256 Credential=AKIAJQ2HSONEW5E574UQ/20131027/us-east-1/dynamodb/aws4_request, SignedHeaders=content-length;content-type;host;user-agent;x-amz-date;x-amz-target, Signature=7f9698c13967a37b8c3bafecd6232564e5dcecd9286359a06f5b1b4b2d88d96b, Host: dynamodb.us-east-1.amazonaws.com, X-Amz-Target: DynamoDB_20120810.DescribeTable, Content-Length: 59, User-Agent: aws-sdk-java/1.6.1 Windows_7/6.1 Java_HotSpot(TM)_64-Bit_Server_VM/23.25-b01, Content-Type: application/x-amz-json-1.0, ) &gt;
2013-10-27 18:36:37,259 DEBUG [com.amazonaws.request] - &lt;Received successful response: 200, AWS Request ID: NGD70KO2GB73LM88DBFIEF3B2BVV4KQNSO5AEMVJF66Q9ASUAAJG&gt;
2013-10-27 18:36:37,259 DEBUG [com.javiermoreno.aws.sdkdemo.DynamoDBTest] - &lt;Table status: CREATING.&gt;
2013-10-27 18:36:38,261 DEBUG [com.amazonaws.auth.AWS4Signer] - &lt;AWS4 Canonical Request: &apos;&quot;POST
/

content-length:59
content-type:application/x-amz-json-1.0
host:dynamodb.us-east-1.amazonaws.com
user-agent:aws-sdk-java/1.6.1 Windows_7/6.1 Java_HotSpot(TM)_64-Bit_Server_VM/23.25-b01
x-amz-date:20131027T173638Z
x-amz-target:DynamoDB_20120810.DescribeTable

content-length;content-type;host;user-agent;x-amz-date;x-amz-target
50c1b44e56ffbb5ba84d80e22f6929598a55585eca448d1d12cc21a8bbc04e70&quot;&gt;
2013-10-27 18:36:38,261 DEBUG [com.amazonaws.auth.AWS4Signer] - &lt;AWS4 String to Sign: &apos;&quot;AWS4-HMAC-SHA256
20131027T173638Z
20131027/us-east-1/dynamodb/aws4_request
10c0b4a098419cf232d9ce2a9d3b2ff250d50d3adc84f50ace179a2d6d4f15c8&quot;&gt;
2013-10-27 18:36:38,262 DEBUG [com.amazonaws.request] - &lt;Sending Request: POST https://dynamodb.us-east-1.amazonaws.com / Headers: (X-Amz-Date: 20131027T173638Z, Authorization: AWS4-HMAC-SHA256 Credential=AKIAJQ2HSONEW5E574UQ/20131027/us-east-1/dynamodb/aws4_request, SignedHeaders=content-length;content-type;host;user-agent;x-amz-date;x-amz-target, Signature=6591c87f7be717d9807581e5e9167aabd81e21a819e83631f3176680c3d37165, Host: dynamodb.us-east-1.amazonaws.com, X-Amz-Target: DynamoDB_20120810.DescribeTable, Content-Length: 59, User-Agent: aws-sdk-java/1.6.1 Windows_7/6.1 Java_HotSpot(TM)_64-Bit_Server_VM/23.25-b01, Content-Type: application/x-amz-json-1.0, ) &gt;
2013-10-27 18:36:38,463 DEBUG [com.amazonaws.request] - &lt;Received successful response: 200, AWS Request ID: C1E4QTMHKTNH9FHLU510NAKI6NVV4KQNSO5AEMVJF66Q9ASUAAJG&gt;
2013-10-27 18:36:38,463 DEBUG [com.javiermoreno.aws.sdkdemo.DynamoDBTest] - &lt;Table status: CREATING.&gt;
2013-10-27 18:36:39,465 DEBUG [com.amazonaws.auth.AWS4Signer] - &lt;AWS4 Canonical Request: &apos;&quot;POST
/

content-length:59
content-type:application/x-amz-json-1.0
host:dynamodb.us-east-1.amazonaws.com
user-agent:aws-sdk-java/1.6.1 Windows_7/6.1 Java_HotSpot(TM)_64-Bit_Server_VM/23.25-b01
x-amz-date:20131027T173639Z
x-amz-target:DynamoDB_20120810.DescribeTable

content-length;content-type;host;user-agent;x-amz-date;x-amz-target
50c1b44e56ffbb5ba84d80e22f6929598a55585eca448d1d12cc21a8bbc04e70&quot;&gt;
2013-10-27 18:36:39,465 DEBUG [com.amazonaws.auth.AWS4Signer] - &lt;AWS4 String to Sign: &apos;&quot;AWS4-HMAC-SHA256
20131027T173639Z
20131027/us-east-1/dynamodb/aws4_request
ceeb48d6a64cbdd549982dd3b17a602cc70acb8cd957eb73dbad175c0d44ef7d&quot;&gt;
2013-10-27 18:36:39,466 DEBUG [com.amazonaws.request] - &lt;Sending Request: POST https://dynamodb.us-east-1.amazonaws.com / Headers: (X-Amz-Date: 20131027T173639Z, Authorization: AWS4-HMAC-SHA256 Credential=AKIAJQ2HSONEW5E574UQ/20131027/us-east-1/dynamodb/aws4_request, SignedHeaders=content-length;content-type;host;user-agent;x-amz-date;x-amz-target, Signature=b89b7a4e12d8de85b467a52c89abf20a2deafac7f388b1ba0c951ade439950cc, Host: dynamodb.us-east-1.amazonaws.com, X-Amz-Target: DynamoDB_20120810.DescribeTable, Content-Length: 59, User-Agent: aws-sdk-java/1.6.1 Windows_7/6.1 Java_HotSpot(TM)_64-Bit_Server_VM/23.25-b01, Content-Type: application/x-amz-json-1.0, ) &gt;
2013-10-27 18:36:39,653 DEBUG [com.amazonaws.request] - &lt;Received successful response: 200, AWS Request ID: QG554DC0V4CQDPC618VU08EDPRVV4KQNSO5AEMVJF66Q9ASUAAJG&gt;
2013-10-27 18:36:39,653 DEBUG [com.javiermoreno.aws.sdkdemo.DynamoDBTest] - &lt;Table status: CREATING.&gt;
2013-10-27 18:36:40,654 DEBUG [com.amazonaws.auth.AWS4Signer] - &lt;AWS4 Canonical Request: &apos;&quot;POST
/

content-length:59
content-type:application/x-amz-json-1.0
host:dynamodb.us-east-1.amazonaws.com
user-agent:aws-sdk-java/1.6.1 Windows_7/6.1 Java_HotSpot(TM)_64-Bit_Server_VM/23.25-b01
x-amz-date:20131027T173640Z
x-amz-target:DynamoDB_20120810.DescribeTable

content-length;content-type;host;user-agent;x-amz-date;x-amz-target
50c1b44e56ffbb5ba84d80e22f6929598a55585eca448d1d12cc21a8bbc04e70&quot;&gt;
2013-10-27 18:36:40,654 DEBUG [com.amazonaws.auth.AWS4Signer] - &lt;AWS4 String to Sign: &apos;&quot;AWS4-HMAC-SHA256
20131027T173640Z
20131027/us-east-1/dynamodb/aws4_request
431227f0b198eca85a49193844ed54cebacca459d96589ed626f713e2ba9dd25&quot;&gt;
2013-10-27 18:36:40,655 DEBUG [com.amazonaws.request] - &lt;Sending Request: POST https://dynamodb.us-east-1.amazonaws.com / Headers: (X-Amz-Date: 20131027T173640Z, Authorization: AWS4-HMAC-SHA256 Credential=AKIAJQ2HSONEW5E574UQ/20131027/us-east-1/dynamodb/aws4_request, SignedHeaders=content-length;content-type;host;user-agent;x-amz-date;x-amz-target, Signature=451f2dd6674b1a6d39c3c36c512513b8a975b02e9021001c8571f120177d9182, Host: dynamodb.us-east-1.amazonaws.com, X-Amz-Target: DynamoDB_20120810.DescribeTable, Content-Length: 59, User-Agent: aws-sdk-java/1.6.1 Windows_7/6.1 Java_HotSpot(TM)_64-Bit_Server_VM/23.25-b01, Content-Type: application/x-amz-json-1.0, ) &gt;
2013-10-27 18:36:40,868 DEBUG [com.amazonaws.request] - &lt;Received successful response: 200, AWS Request ID: 72QKT5FHCTE3AN86LSRSFPAODBVV4KQNSO5AEMVJF66Q9ASUAAJG&gt;
2013-10-27 18:36:40,868 DEBUG [com.javiermoreno.aws.sdkdemo.DynamoDBTest] - &lt;Table status: CREATING.&gt;
2013-10-27 18:36:41,869 DEBUG [com.amazonaws.auth.AWS4Signer] - &lt;AWS4 Canonical Request: &apos;&quot;POST
/

content-length:59
content-type:application/x-amz-json-1.0
host:dynamodb.us-east-1.amazonaws.com
user-agent:aws-sdk-java/1.6.1 Windows_7/6.1 Java_HotSpot(TM)_64-Bit_Server_VM/23.25-b01
x-amz-date:20131027T173641Z
x-amz-target:DynamoDB_20120810.DescribeTable

content-length;content-type;host;user-agent;x-amz-date;x-amz-target
50c1b44e56ffbb5ba84d80e22f6929598a55585eca448d1d12cc21a8bbc04e70&quot;&gt;
2013-10-27 18:36:41,869 DEBUG [com.amazonaws.auth.AWS4Signer] - &lt;AWS4 String to Sign: &apos;&quot;AWS4-HMAC-SHA256
20131027T173641Z
20131027/us-east-1/dynamodb/aws4_request
6b956ebf7ea40eb26d8741e7584966bfd1dcd8390ad7bd78436f91a5bca9e66f&quot;&gt;
2013-10-27 18:36:41,870 DEBUG [com.amazonaws.request] - &lt;Sending Request: POST https://dynamodb.us-east-1.amazonaws.com / Headers: (X-Amz-Date: 20131027T173641Z, Authorization: AWS4-HMAC-SHA256 Credential=AKIAJQ2HSONEW5E574UQ/20131027/us-east-1/dynamodb/aws4_request, SignedHeaders=content-length;content-type;host;user-agent;x-amz-date;x-amz-target, Signature=3d72213f816ac58e72dc902a1dc887768ae72d0fc6a42fc82debe5572b54060e, Host: dynamodb.us-east-1.amazonaws.com, X-Amz-Target: DynamoDB_20120810.DescribeTable, Content-Length: 59, User-Agent: aws-sdk-java/1.6.1 Windows_7/6.1 Java_HotSpot(TM)_64-Bit_Server_VM/23.25-b01, Content-Type: application/x-amz-json-1.0, ) &gt;
2013-10-27 18:36:42,057 DEBUG [com.amazonaws.request] - &lt;Received successful response: 200, AWS Request ID: VH7LJUVHL8KB72SRG4AC43IMQRVV4KQNSO5AEMVJF66Q9ASUAAJG&gt;
2013-10-27 18:36:42,057 DEBUG [com.javiermoreno.aws.sdkdemo.DynamoDBTest] - &lt;Table status: CREATING.&gt;
2013-10-27 18:36:43,058 DEBUG [com.amazonaws.auth.AWS4Signer] - &lt;AWS4 Canonical Request: &apos;&quot;POST
/

content-length:59
content-type:application/x-amz-json-1.0
host:dynamodb.us-east-1.amazonaws.com
user-agent:aws-sdk-java/1.6.1 Windows_7/6.1 Java_HotSpot(TM)_64-Bit_Server_VM/23.25-b01
x-amz-date:20131027T173643Z
x-amz-target:DynamoDB_20120810.DescribeTable

content-length;content-type;host;user-agent;x-amz-date;x-amz-target
50c1b44e56ffbb5ba84d80e22f6929598a55585eca448d1d12cc21a8bbc04e70&quot;&gt;
2013-10-27 18:36:43,058 DEBUG [com.amazonaws.auth.AWS4Signer] - &lt;AWS4 String to Sign: &apos;&quot;AWS4-HMAC-SHA256
20131027T173643Z
20131027/us-east-1/dynamodb/aws4_request
c66217ca4d2febd46c2adba4e99e0f74dd97a319596c10f85fa1cfa0d27b886d&quot;&gt;
2013-10-27 18:36:43,059 DEBUG [com.amazonaws.request] - &lt;Sending Request: POST https://dynamodb.us-east-1.amazonaws.com / Headers: (X-Amz-Date: 20131027T173643Z, Authorization: AWS4-HMAC-SHA256 Credential=AKIAJQ2HSONEW5E574UQ/20131027/us-east-1/dynamodb/aws4_request, SignedHeaders=content-length;content-type;host;user-agent;x-amz-date;x-amz-target, Signature=35307190e097a5648432b46db9dc3374bd7d1ce4cd5898dc62ec6751bdae75fb, Host: dynamodb.us-east-1.amazonaws.com, X-Amz-Target: DynamoDB_20120810.DescribeTable, Content-Length: 59, User-Agent: aws-sdk-java/1.6.1 Windows_7/6.1 Java_HotSpot(TM)_64-Bit_Server_VM/23.25-b01, Content-Type: application/x-amz-json-1.0, ) &gt;
2013-10-27 18:36:43,235 DEBUG [com.amazonaws.request] - &lt;Received successful response: 200, AWS Request ID: 1IFGB4V5KSPUGO0OGRHKTE86RJVV4KQNSO5AEMVJF66Q9ASUAAJG&gt;
2013-10-27 18:36:43,235 DEBUG [com.javiermoreno.aws.sdkdemo.DynamoDBTest] - &lt;Table status: CREATING.&gt;
2013-10-27 18:36:44,236 DEBUG [com.amazonaws.auth.AWS4Signer] - &lt;AWS4 Canonical Request: &apos;&quot;POST
/

content-length:59
content-type:application/x-amz-json-1.0
host:dynamodb.us-east-1.amazonaws.com
user-agent:aws-sdk-java/1.6.1 Windows_7/6.1 Java_HotSpot(TM)_64-Bit_Server_VM/23.25-b01
x-amz-date:20131027T173644Z
x-amz-target:DynamoDB_20120810.DescribeTable

content-length;content-type;host;user-agent;x-amz-date;x-amz-target
50c1b44e56ffbb5ba84d80e22f6929598a55585eca448d1d12cc21a8bbc04e70&quot;&gt;
2013-10-27 18:36:44,236 DEBUG [com.amazonaws.auth.AWS4Signer] - &lt;AWS4 String to Sign: &apos;&quot;AWS4-HMAC-SHA256
20131027T173644Z
20131027/us-east-1/dynamodb/aws4_request
c635f34182146e9363bbaf306649c5a3cb5ab0db9ebeb7cff43034061ae7578f&quot;&gt;
2013-10-27 18:36:44,237 DEBUG [com.amazonaws.request] - &lt;Sending Request: POST https://dynamodb.us-east-1.amazonaws.com / Headers: (X-Amz-Date: 20131027T173644Z, Authorization: AWS4-HMAC-SHA256 Credential=AKIAJQ2HSONEW5E574UQ/20131027/us-east-1/dynamodb/aws4_request, SignedHeaders=content-length;content-type;host;user-agent;x-amz-date;x-amz-target, Signature=2875db49f77944b98cdf06e11da37a085ab0b388bed41473491c8b27c51f9249, Host: dynamodb.us-east-1.amazonaws.com, X-Amz-Target: DynamoDB_20120810.DescribeTable, Content-Length: 59, User-Agent: aws-sdk-java/1.6.1 Windows_7/6.1 Java_HotSpot(TM)_64-Bit_Server_VM/23.25-b01, Content-Type: application/x-amz-json-1.0, ) &gt;
2013-10-27 18:36:44,432 DEBUG [com.amazonaws.request] - &lt;Received successful response: 200, AWS Request ID: TC590NG4486CUEOOPFJEU3OLVBVV4KQNSO5AEMVJF66Q9ASUAAJG&gt;
2013-10-27 18:36:44,433 DEBUG [com.javiermoreno.aws.sdkdemo.DynamoDBTest] - &lt;Table status: CREATING.&gt;
2013-10-27 18:36:45,434 DEBUG [com.amazonaws.auth.AWS4Signer] - &lt;AWS4 Canonical Request: &apos;&quot;POST
/

content-length:59
content-type:application/x-amz-json-1.0
host:dynamodb.us-east-1.amazonaws.com
user-agent:aws-sdk-java/1.6.1 Windows_7/6.1 Java_HotSpot(TM)_64-Bit_Server_VM/23.25-b01
x-amz-date:20131027T173645Z
x-amz-target:DynamoDB_20120810.DescribeTable

content-length;content-type;host;user-agent;x-amz-date;x-amz-target
50c1b44e56ffbb5ba84d80e22f6929598a55585eca448d1d12cc21a8bbc04e70&quot;&gt;
2013-10-27 18:36:45,434 DEBUG [com.amazonaws.auth.AWS4Signer] - &lt;AWS4 String to Sign: &apos;&quot;AWS4-HMAC-SHA256
20131027T173645Z
20131027/us-east-1/dynamodb/aws4_request
4d9835f0ee14ef98ac1b68e6b173abab1465f65328e0d62a866a18d803021873&quot;&gt;
2013-10-27 18:36:45,435 DEBUG [com.amazonaws.request] - &lt;Sending Request: POST https://dynamodb.us-east-1.amazonaws.com / Headers: (X-Amz-Date: 20131027T173645Z, Authorization: AWS4-HMAC-SHA256 Credential=AKIAJQ2HSONEW5E574UQ/20131027/us-east-1/dynamodb/aws4_request, SignedHeaders=content-length;content-type;host;user-agent;x-amz-date;x-amz-target, Signature=16de9ed76bef50e407eed0392d4ce7324af34a74190f9047f4f76be433cb5b3d, Host: dynamodb.us-east-1.amazonaws.com, X-Amz-Target: DynamoDB_20120810.DescribeTable, Content-Length: 59, User-Agent: aws-sdk-java/1.6.1 Windows_7/6.1 Java_HotSpot(TM)_64-Bit_Server_VM/23.25-b01, Content-Type: application/x-amz-json-1.0, ) &gt;
2013-10-27 18:36:45,639 DEBUG [com.amazonaws.request] - &lt;Received successful response: 200, AWS Request ID: 577M1MDRR1O8V1M1C1SI79N2Q3VV4KQNSO5AEMVJF66Q9ASUAAJG&gt;
2013-10-27 18:36:45,640 DEBUG [com.javiermoreno.aws.sdkdemo.DynamoDBTest] - &lt;Table status: CREATING.&gt;
2013-10-27 18:36:46,641 DEBUG [com.amazonaws.auth.AWS4Signer] - &lt;AWS4 Canonical Request: &apos;&quot;POST
/

content-length:59
content-type:application/x-amz-json-1.0
host:dynamodb.us-east-1.amazonaws.com
user-agent:aws-sdk-java/1.6.1 Windows_7/6.1 Java_HotSpot(TM)_64-Bit_Server_VM/23.25-b01
x-amz-date:20131027T173646Z
x-amz-target:DynamoDB_20120810.DescribeTable

content-length;content-type;host;user-agent;x-amz-date;x-amz-target
50c1b44e56ffbb5ba84d80e22f6929598a55585eca448d1d12cc21a8bbc04e70&quot;&gt;
2013-10-27 18:36:46,641 DEBUG [com.amazonaws.auth.AWS4Signer] - &lt;AWS4 String to Sign: &apos;&quot;AWS4-HMAC-SHA256
20131027T173646Z
20131027/us-east-1/dynamodb/aws4_request
77f249ffb56a72c46ee40c3cb628d945597786f32b645726374da09037597bc9&quot;&gt;
2013-10-27 18:36:46,642 DEBUG [com.amazonaws.request] - &lt;Sending Request: POST https://dynamodb.us-east-1.amazonaws.com / Headers: (X-Amz-Date: 20131027T173646Z, Authorization: AWS4-HMAC-SHA256 Credential=AKIAJQ2HSONEW5E574UQ/20131027/us-east-1/dynamodb/aws4_request, SignedHeaders=content-length;content-type;host;user-agent;x-amz-date;x-amz-target, Signature=8533def1e5a25b70d0254ab0add394e3cb34a0d1657a5a28da6f583554d9e407, Host: dynamodb.us-east-1.amazonaws.com, X-Amz-Target: DynamoDB_20120810.DescribeTable, Content-Length: 59, User-Agent: aws-sdk-java/1.6.1 Windows_7/6.1 Java_HotSpot(TM)_64-Bit_Server_VM/23.25-b01, Content-Type: application/x-amz-json-1.0, ) &gt;
2013-10-27 18:36:46,820 DEBUG [com.amazonaws.request] - &lt;Received successful response: 200, AWS Request ID: H1B0U831AUAEN25N7K7PRQQ1TNVV4KQNSO5AEMVJF66Q9ASUAAJG&gt;
2013-10-27 18:36:46,820 DEBUG [com.javiermoreno.aws.sdkdemo.DynamoDBTest] - &lt;Table status: CREATING.&gt;
2013-10-27 18:36:47,821 DEBUG [com.amazonaws.auth.AWS4Signer] - &lt;AWS4 Canonical Request: &apos;&quot;POST
/

content-length:59
content-type:application/x-amz-json-1.0
host:dynamodb.us-east-1.amazonaws.com
user-agent:aws-sdk-java/1.6.1 Windows_7/6.1 Java_HotSpot(TM)_64-Bit_Server_VM/23.25-b01
x-amz-date:20131027T173647Z
x-amz-target:DynamoDB_20120810.DescribeTable

content-length;content-type;host;user-agent;x-amz-date;x-amz-target
50c1b44e56ffbb5ba84d80e22f6929598a55585eca448d1d12cc21a8bbc04e70&quot;&gt;
2013-10-27 18:36:47,821 DEBUG [com.amazonaws.auth.AWS4Signer] - &lt;AWS4 String to Sign: &apos;&quot;AWS4-HMAC-SHA256
20131027T173647Z
20131027/us-east-1/dynamodb/aws4_request
973ba6dc024a706bdd458f4c09428986907c680b0bf8e2f4f189ca5f53347dd1&quot;&gt;
2013-10-27 18:36:47,822 DEBUG [com.amazonaws.request] - &lt;Sending Request: POST https://dynamodb.us-east-1.amazonaws.com / Headers: (X-Amz-Date: 20131027T173647Z, Authorization: AWS4-HMAC-SHA256 Credential=AKIAJQ2HSONEW5E574UQ/20131027/us-east-1/dynamodb/aws4_request, SignedHeaders=content-length;content-type;host;user-agent;x-amz-date;x-amz-target, Signature=8e98e6a5f6f841cd45a75e124f716788df59f1e140b6951464657d846c414ea3, Host: dynamodb.us-east-1.amazonaws.com, X-Amz-Target: DynamoDB_20120810.DescribeTable, Content-Length: 59, User-Agent: aws-sdk-java/1.6.1 Windows_7/6.1 Java_HotSpot(TM)_64-Bit_Server_VM/23.25-b01, Content-Type: application/x-amz-json-1.0, ) &gt;
2013-10-27 18:36:48,404 DEBUG [com.amazonaws.request] - &lt;Received successful response: 200, AWS Request ID: 89JSLK7VM6ODTSDVG47V9QS7R3VV4KQNSO5AEMVJF66Q9ASUAAJG&gt;
2013-10-27 18:36:48,404 DEBUG [com.javiermoreno.aws.sdkdemo.DynamoDBTest] - &lt;Table status: CREATING.&gt;
2013-10-27 18:36:49,405 DEBUG [com.amazonaws.auth.AWS4Signer] - &lt;AWS4 Canonical Request: &apos;&quot;POST
/

content-length:59
content-type:application/x-amz-json-1.0
host:dynamodb.us-east-1.amazonaws.com
user-agent:aws-sdk-java/1.6.1 Windows_7/6.1 Java_HotSpot(TM)_64-Bit_Server_VM/23.25-b01
x-amz-date:20131027T173649Z
x-amz-target:DynamoDB_20120810.DescribeTable

content-length;content-type;host;user-agent;x-amz-date;x-amz-target
50c1b44e56ffbb5ba84d80e22f6929598a55585eca448d1d12cc21a8bbc04e70&quot;&gt;
2013-10-27 18:36:49,405 DEBUG [com.amazonaws.auth.AWS4Signer] - &lt;AWS4 String to Sign: &apos;&quot;AWS4-HMAC-SHA256
20131027T173649Z
20131027/us-east-1/dynamodb/aws4_request
665db16f8233244ababb82cb75d8dd88d8a1381e04b96149573cbc299a4379ba&quot;&gt;
2013-10-27 18:36:49,406 DEBUG [com.amazonaws.request] - &lt;Sending Request: POST https://dynamodb.us-east-1.amazonaws.com / Headers: (X-Amz-Date: 20131027T173649Z, Authorization: AWS4-HMAC-SHA256 Credential=AKIAJQ2HSONEW5E574UQ/20131027/us-east-1/dynamodb/aws4_request, SignedHeaders=content-length;content-type;host;user-agent;x-amz-date;x-amz-target, Signature=46d8b9226d673923c849997b208bcc92b2f8a4a9fcaac83cb125cd7061a46710, Host: dynamodb.us-east-1.amazonaws.com, X-Amz-Target: DynamoDB_20120810.DescribeTable, Content-Length: 59, User-Agent: aws-sdk-java/1.6.1 Windows_7/6.1 Java_HotSpot(TM)_64-Bit_Server_VM/23.25-b01, Content-Type: application/x-amz-json-1.0, ) &gt;
2013-10-27 18:36:49,642 DEBUG [com.amazonaws.request] - &lt;Received successful response: 200, AWS Request ID: 0IO8DM54085RCQE4T5K0GNNSO7VV4KQNSO5AEMVJF66Q9ASUAAJG&gt;
2013-10-27 18:36:49,642 DEBUG [com.javiermoreno.aws.sdkdemo.DynamoDBTest] - &lt;Table status: CREATING.&gt;
2013-10-27 18:36:50,643 DEBUG [com.amazonaws.auth.AWS4Signer] - &lt;AWS4 Canonical Request: &apos;&quot;POST
/

content-length:59
content-type:application/x-amz-json-1.0
host:dynamodb.us-east-1.amazonaws.com
user-agent:aws-sdk-java/1.6.1 Windows_7/6.1 Java_HotSpot(TM)_64-Bit_Server_VM/23.25-b01
x-amz-date:20131027T173650Z
x-amz-target:DynamoDB_20120810.DescribeTable

content-length;content-type;host;user-agent;x-amz-date;x-amz-target
50c1b44e56ffbb5ba84d80e22f6929598a55585eca448d1d12cc21a8bbc04e70&quot;&gt;
2013-10-27 18:36:50,643 DEBUG [com.amazonaws.auth.AWS4Signer] - &lt;AWS4 String to Sign: &apos;&quot;AWS4-HMAC-SHA256
20131027T173650Z
20131027/us-east-1/dynamodb/aws4_request
488233d961ec390a74288227f49659e21e5d45d4320e26e65924b224f3f6825f&quot;&gt;
2013-10-27 18:36:50,644 DEBUG [com.amazonaws.request] - &lt;Sending Request: POST https://dynamodb.us-east-1.amazonaws.com / Headers: (X-Amz-Date: 20131027T173650Z, Authorization: AWS4-HMAC-SHA256 Credential=AKIAJQ2HSONEW5E574UQ/20131027/us-east-1/dynamodb/aws4_request, SignedHeaders=content-length;content-type;host;user-agent;x-amz-date;x-amz-target, Signature=6005f8d4ed6fffbf655c394d7248cf5fb6ad952043ff65b3eba047aebdeb2e11, Host: dynamodb.us-east-1.amazonaws.com, X-Amz-Target: DynamoDB_20120810.DescribeTable, Content-Length: 59, User-Agent: aws-sdk-java/1.6.1 Windows_7/6.1 Java_HotSpot(TM)_64-Bit_Server_VM/23.25-b01, Content-Type: application/x-amz-json-1.0, ) &gt;
2013-10-27 18:36:50,839 DEBUG [com.amazonaws.request] - &lt;Received successful response: 200, AWS Request ID: EADN81KTCS8A4L98M0GSTITK23VV4KQNSO5AEMVJF66Q9ASUAAJG&gt;
2013-10-27 18:36:50,839 DEBUG [com.javiermoreno.aws.sdkdemo.DynamoDBTest] - &lt;Table status: CREATING.&gt;
2013-10-27 18:36:51,840 DEBUG [com.amazonaws.auth.AWS4Signer] - &lt;AWS4 Canonical Request: &apos;&quot;POST
/

content-length:59
content-type:application/x-amz-json-1.0
host:dynamodb.us-east-1.amazonaws.com
user-agent:aws-sdk-java/1.6.1 Windows_7/6.1 Java_HotSpot(TM)_64-Bit_Server_VM/23.25-b01
x-amz-date:20131027T173651Z
x-amz-target:DynamoDB_20120810.DescribeTable

content-length;content-type;host;user-agent;x-amz-date;x-amz-target
50c1b44e56ffbb5ba84d80e22f6929598a55585eca448d1d12cc21a8bbc04e70&quot;&gt;
2013-10-27 18:36:51,840 DEBUG [com.amazonaws.auth.AWS4Signer] - &lt;AWS4 String to Sign: &apos;&quot;AWS4-HMAC-SHA256
20131027T173651Z
20131027/us-east-1/dynamodb/aws4_request
dc282112674c36677fec3b3547ffe4c9d6bda5eacd444573741b6b112b2dc41d&quot;&gt;
2013-10-27 18:36:51,841 DEBUG [com.amazonaws.request] - &lt;Sending Request: POST https://dynamodb.us-east-1.amazonaws.com / Headers: (X-Amz-Date: 20131027T173651Z, Authorization: AWS4-HMAC-SHA256 Credential=AKIAJQ2HSONEW5E574UQ/20131027/us-east-1/dynamodb/aws4_request, SignedHeaders=content-length;content-type;host;user-agent;x-amz-date;x-amz-target, Signature=6344bf33f653d1027233f62612be1591acb4938f03eb6ed4aad944895451b32c, Host: dynamodb.us-east-1.amazonaws.com, X-Amz-Target: DynamoDB_20120810.DescribeTable, Content-Length: 59, User-Agent: aws-sdk-java/1.6.1 Windows_7/6.1 Java_HotSpot(TM)_64-Bit_Server_VM/23.25-b01, Content-Type: application/x-amz-json-1.0, ) &gt;
2013-10-27 18:36:52,024 DEBUG [com.amazonaws.request] - &lt;Received successful response: 200, AWS Request ID: K0RTFHC3R44F9RSRTCQFMP2C1NVV4KQNSO5AEMVJF66Q9ASUAAJG&gt;
2013-10-27 18:36:52,025 DEBUG [com.javiermoreno.aws.sdkdemo.DynamoDBTest] - &lt;Table status: CREATING.&gt;
2013-10-27 18:36:53,025 DEBUG [com.amazonaws.auth.AWS4Signer] - &lt;AWS4 Canonical Request: &apos;&quot;POST
/

content-length:59
content-type:application/x-amz-json-1.0
host:dynamodb.us-east-1.amazonaws.com
user-agent:aws-sdk-java/1.6.1 Windows_7/6.1 Java_HotSpot(TM)_64-Bit_Server_VM/23.25-b01
x-amz-date:20131027T173653Z
x-amz-target:DynamoDB_20120810.DescribeTable

content-length;content-type;host;user-agent;x-amz-date;x-amz-target
50c1b44e56ffbb5ba84d80e22f6929598a55585eca448d1d12cc21a8bbc04e70&quot;&gt;
2013-10-27 18:36:53,025 DEBUG [com.amazonaws.auth.AWS4Signer] - &lt;AWS4 String to Sign: &apos;&quot;AWS4-HMAC-SHA256
20131027T173653Z
20131027/us-east-1/dynamodb/aws4_request
f1e9df4a583a9ab6196f1d6079d1871d720e308526c5867826856c6d1ccd89a9&quot;&gt;
2013-10-27 18:36:53,026 DEBUG [com.amazonaws.request] - &lt;Sending Request: POST https://dynamodb.us-east-1.amazonaws.com / Headers: (X-Amz-Date: 20131027T173653Z, Authorization: AWS4-HMAC-SHA256 Credential=AKIAJQ2HSONEW5E574UQ/20131027/us-east-1/dynamodb/aws4_request, SignedHeaders=content-length;content-type;host;user-agent;x-amz-date;x-amz-target, Signature=4cbe03b2944033fccbac8e70c3db5c4bbdb02dda6e2731b25c7097f8a957c219, Host: dynamodb.us-east-1.amazonaws.com, X-Amz-Target: DynamoDB_20120810.DescribeTable, Content-Length: 59, User-Agent: aws-sdk-java/1.6.1 Windows_7/6.1 Java_HotSpot(TM)_64-Bit_Server_VM/23.25-b01, Content-Type: application/x-amz-json-1.0, ) &gt;
2013-10-27 18:36:53,274 DEBUG [com.amazonaws.request] - &lt;Received successful response: 200, AWS Request ID: AK44931VG79253PB1NS2V090R3VV4KQNSO5AEMVJF66Q9ASUAAJG&gt;
2013-10-27 18:36:53,274 DEBUG [com.javiermoreno.aws.sdkdemo.DynamoDBTest] - &lt;Table status: CREATING.&gt;
2013-10-27 18:36:54,275 DEBUG [com.amazonaws.auth.AWS4Signer] - &lt;AWS4 Canonical Request: &apos;&quot;POST
/

content-length:59
content-type:application/x-amz-json-1.0
host:dynamodb.us-east-1.amazonaws.com
user-agent:aws-sdk-java/1.6.1 Windows_7/6.1 Java_HotSpot(TM)_64-Bit_Server_VM/23.25-b01
x-amz-date:20131027T173654Z
x-amz-target:DynamoDB_20120810.DescribeTable

content-length;content-type;host;user-agent;x-amz-date;x-amz-target
50c1b44e56ffbb5ba84d80e22f6929598a55585eca448d1d12cc21a8bbc04e70&quot;&gt;
2013-10-27 18:36:54,275 DEBUG [com.amazonaws.auth.AWS4Signer] - &lt;AWS4 String to Sign: &apos;&quot;AWS4-HMAC-SHA256
20131027T173654Z
20131027/us-east-1/dynamodb/aws4_request
67acd6bd48947f1aae0e924e37b992c73656f78d87ea41cacd4666f5a775665c&quot;&gt;
2013-10-27 18:36:54,276 DEBUG [com.amazonaws.request] - &lt;Sending Request: POST https://dynamodb.us-east-1.amazonaws.com / Headers: (X-Amz-Date: 20131027T173654Z, Authorization: AWS4-HMAC-SHA256 Credential=AKIAJQ2HSONEW5E574UQ/20131027/us-east-1/dynamodb/aws4_request, SignedHeaders=content-length;content-type;host;user-agent;x-amz-date;x-amz-target, Signature=06a332605e81b682188f6f38b628fa41f60a0d4280360ab2a68b83337d614ffd, Host: dynamodb.us-east-1.amazonaws.com, X-Amz-Target: DynamoDB_20120810.DescribeTable, Content-Length: 59, User-Agent: aws-sdk-java/1.6.1 Windows_7/6.1 Java_HotSpot(TM)_64-Bit_Server_VM/23.25-b01, Content-Type: application/x-amz-json-1.0, ) &gt;
2013-10-27 18:36:54,478 DEBUG [com.amazonaws.request] - &lt;Received successful response: 200, AWS Request ID: 50QK06FRNKU27A2J5ITM6TMEHJVV4KQNSO5AEMVJF66Q9ASUAAJG&gt;
2013-10-27 18:36:54,478 DEBUG [com.javiermoreno.aws.sdkdemo.DynamoDBTest] - &lt;Table status: CREATING.&gt;
2013-10-27 18:36:55,479 DEBUG [com.amazonaws.auth.AWS4Signer] - &lt;AWS4 Canonical Request: &apos;&quot;POST
/

content-length:59
content-type:application/x-amz-json-1.0
host:dynamodb.us-east-1.amazonaws.com
user-agent:aws-sdk-java/1.6.1 Windows_7/6.1 Java_HotSpot(TM)_64-Bit_Server_VM/23.25-b01
x-amz-date:20131027T173655Z
x-amz-target:DynamoDB_20120810.DescribeTable

content-length;content-type;host;user-agent;x-amz-date;x-amz-target
50c1b44e56ffbb5ba84d80e22f6929598a55585eca448d1d12cc21a8bbc04e70&quot;&gt;
2013-10-27 18:36:55,479 DEBUG [com.amazonaws.auth.AWS4Signer] - &lt;AWS4 String to Sign: &apos;&quot;AWS4-HMAC-SHA256
20131027T173655Z
20131027/us-east-1/dynamodb/aws4_request
670348629f6c8e2c58a43786565b5c1305bc708659e39ed96d94616eed7abaa8&quot;&gt;
2013-10-27 18:36:55,480 DEBUG [com.amazonaws.request] - &lt;Sending Request: POST https://dynamodb.us-east-1.amazonaws.com / Headers: (X-Amz-Date: 20131027T173655Z, Authorization: AWS4-HMAC-SHA256 Credential=AKIAJQ2HSONEW5E574UQ/20131027/us-east-1/dynamodb/aws4_request, SignedHeaders=content-length;content-type;host;user-agent;x-amz-date;x-amz-target, Signature=e6a2ab37c57e34323eda718bb1682c4c48f715a77ca04f4eec36dc51b6605151, Host: dynamodb.us-east-1.amazonaws.com, X-Amz-Target: DynamoDB_20120810.DescribeTable, Content-Length: 59, User-Agent: aws-sdk-java/1.6.1 Windows_7/6.1 Java_HotSpot(TM)_64-Bit_Server_VM/23.25-b01, Content-Type: application/x-amz-json-1.0, ) &gt;
2013-10-27 18:36:55,698 DEBUG [com.amazonaws.request] - &lt;Received successful response: 200, AWS Request ID: EAF1TL1K571KBN8NJRUG1TJJEVVV4KQNSO5AEMVJF66Q9ASUAAJG&gt;
2013-10-27 18:36:55,698 DEBUG [com.javiermoreno.aws.sdkdemo.DynamoDBTest] - &lt;Table status: CREATING.&gt;
2013-10-27 18:36:56,698 DEBUG [com.amazonaws.auth.AWS4Signer] - &lt;AWS4 Canonical Request: &apos;&quot;POST
/

content-length:59
content-type:application/x-amz-json-1.0
host:dynamodb.us-east-1.amazonaws.com
user-agent:aws-sdk-java/1.6.1 Windows_7/6.1 Java_HotSpot(TM)_64-Bit_Server_VM/23.25-b01
x-amz-date:20131027T173656Z
x-amz-target:DynamoDB_20120810.DescribeTable

content-length;content-type;host;user-agent;x-amz-date;x-amz-target
50c1b44e56ffbb5ba84d80e22f6929598a55585eca448d1d12cc21a8bbc04e70&quot;&gt;
2013-10-27 18:36:56,698 DEBUG [com.amazonaws.auth.AWS4Signer] - &lt;AWS4 String to Sign: &apos;&quot;AWS4-HMAC-SHA256
20131027T173656Z
20131027/us-east-1/dynamodb/aws4_request
381aa539a0b64e50b7e16f69521b1d2017021e048e5399ae6919c43022064552&quot;&gt;
2013-10-27 18:36:56,699 DEBUG [com.amazonaws.request] - &lt;Sending Request: POST https://dynamodb.us-east-1.amazonaws.com / Headers: (X-Amz-Date: 20131027T173656Z, Authorization: AWS4-HMAC-SHA256 Credential=AKIAJQ2HSONEW5E574UQ/20131027/us-east-1/dynamodb/aws4_request, SignedHeaders=content-length;content-type;host;user-agent;x-amz-date;x-amz-target, Signature=b04b4e56a757a6e6002d893d1ddb4978d9711683cf3f00c0c852b284e18b1887, Host: dynamodb.us-east-1.amazonaws.com, X-Amz-Target: DynamoDB_20120810.DescribeTable, Content-Length: 59, User-Agent: aws-sdk-java/1.6.1 Windows_7/6.1 Java_HotSpot(TM)_64-Bit_Server_VM/23.25-b01, Content-Type: application/x-amz-json-1.0, ) &gt;
2013-10-27 18:36:56,971 DEBUG [com.amazonaws.request] - &lt;Received successful response: 200, AWS Request ID: FFELNECQ0VD8HFPUS7F39GOO8FVV4KQNSO5AEMVJF66Q9ASUAAJG&gt;
2013-10-27 18:36:56,971 DEBUG [com.javiermoreno.aws.sdkdemo.DynamoDBTest] - &lt;Table status: CREATING.&gt;
2013-10-27 18:36:57,971 DEBUG [com.amazonaws.auth.AWS4Signer] - &lt;AWS4 Canonical Request: &apos;&quot;POST
/

content-length:59
content-type:application/x-amz-json-1.0
host:dynamodb.us-east-1.amazonaws.com
user-agent:aws-sdk-java/1.6.1 Windows_7/6.1 Java_HotSpot(TM)_64-Bit_Server_VM/23.25-b01
x-amz-date:20131027T173657Z
x-amz-target:DynamoDB_20120810.DescribeTable

content-length;content-type;host;user-agent;x-amz-date;x-amz-target
50c1b44e56ffbb5ba84d80e22f6929598a55585eca448d1d12cc21a8bbc04e70&quot;&gt;
2013-10-27 18:36:57,971 DEBUG [com.amazonaws.auth.AWS4Signer] - &lt;AWS4 String to Sign: &apos;&quot;AWS4-HMAC-SHA256
20131027T173657Z
20131027/us-east-1/dynamodb/aws4_request
e4efa91d2dff132355c8262adbb69cb8984192475c855fedf11d53d299556621&quot;&gt;
2013-10-27 18:36:57,972 DEBUG [com.amazonaws.request] - &lt;Sending Request: POST https://dynamodb.us-east-1.amazonaws.com / Headers: (X-Amz-Date: 20131027T173657Z, Authorization: AWS4-HMAC-SHA256 Credential=AKIAJQ2HSONEW5E574UQ/20131027/us-east-1/dynamodb/aws4_request, SignedHeaders=content-length;content-type;host;user-agent;x-amz-date;x-amz-target, Signature=7e8954154154945fa45b229db95d03190fa1e44f9e0fa9d54488837377121a75, Host: dynamodb.us-east-1.amazonaws.com, X-Amz-Target: DynamoDB_20120810.DescribeTable, Content-Length: 59, User-Agent: aws-sdk-java/1.6.1 Windows_7/6.1 Java_HotSpot(TM)_64-Bit_Server_VM/23.25-b01, Content-Type: application/x-amz-json-1.0, ) &gt;
2013-10-27 18:36:58,224 DEBUG [com.amazonaws.request] - &lt;Received successful response: 200, AWS Request ID: EN3GA6LLRIKJRLT6L222P5PBPBVV4KQNSO5AEMVJF66Q9ASUAAJG&gt;
2013-10-27 18:36:58,224 DEBUG [com.javiermoreno.aws.sdkdemo.DynamoDBTest] - &lt;Table status: CREATING.&gt;
2013-10-27 18:36:59,224 DEBUG [com.amazonaws.auth.AWS4Signer] - &lt;AWS4 Canonical Request: &apos;&quot;POST
/

content-length:59
content-type:application/x-amz-json-1.0
host:dynamodb.us-east-1.amazonaws.com
user-agent:aws-sdk-java/1.6.1 Windows_7/6.1 Java_HotSpot(TM)_64-Bit_Server_VM/23.25-b01
x-amz-date:20131027T173659Z
x-amz-target:DynamoDB_20120810.DescribeTable

content-length;content-type;host;user-agent;x-amz-date;x-amz-target
50c1b44e56ffbb5ba84d80e22f6929598a55585eca448d1d12cc21a8bbc04e70&quot;&gt;
2013-10-27 18:36:59,224 DEBUG [com.amazonaws.auth.AWS4Signer] - &lt;AWS4 String to Sign: &apos;&quot;AWS4-HMAC-SHA256
20131027T173659Z
20131027/us-east-1/dynamodb/aws4_request
81690d959ea38f8356a88b55a73355b0300d31576dd93c83ddf851d77dd3c269&quot;&gt;
2013-10-27 18:36:59,225 DEBUG [com.amazonaws.request] - &lt;Sending Request: POST https://dynamodb.us-east-1.amazonaws.com / Headers: (X-Amz-Date: 20131027T173659Z, Authorization: AWS4-HMAC-SHA256 Credential=AKIAJQ2HSONEW5E574UQ/20131027/us-east-1/dynamodb/aws4_request, SignedHeaders=content-length;content-type;host;user-agent;x-amz-date;x-amz-target, Signature=cb55d747e3b58c23d9cdb8988ac1a8665351e32b51036dd32fdfa41a42b7eae7, Host: dynamodb.us-east-1.amazonaws.com, X-Amz-Target: DynamoDB_20120810.DescribeTable, Content-Length: 59, User-Agent: aws-sdk-java/1.6.1 Windows_7/6.1 Java_HotSpot(TM)_64-Bit_Server_VM/23.25-b01, Content-Type: application/x-amz-json-1.0, ) &gt;
2013-10-27 18:36:59,402 DEBUG [com.amazonaws.request] - &lt;Received successful response: 200, AWS Request ID: IDHIJEDJFV24GM35LNUD5QCCTVVV4KQNSO5AEMVJF66Q9ASUAAJG&gt;
2013-10-27 18:36:59,402 DEBUG [com.javiermoreno.aws.sdkdemo.DynamoDBTest] - &lt;Table status: CREATING.&gt;
2013-10-27 18:37:00,403 DEBUG [com.amazonaws.auth.AWS4Signer] - &lt;AWS4 Canonical Request: &apos;&quot;POST
/

content-length:59
content-type:application/x-amz-json-1.0
host:dynamodb.us-east-1.amazonaws.com
user-agent:aws-sdk-java/1.6.1 Windows_7/6.1 Java_HotSpot(TM)_64-Bit_Server_VM/23.25-b01
x-amz-date:20131027T173700Z
x-amz-target:DynamoDB_20120810.DescribeTable

content-length;content-type;host;user-agent;x-amz-date;x-amz-target
50c1b44e56ffbb5ba84d80e22f6929598a55585eca448d1d12cc21a8bbc04e70&quot;&gt;
2013-10-27 18:37:00,403 DEBUG [com.amazonaws.auth.AWS4Signer] - &lt;AWS4 String to Sign: &apos;&quot;AWS4-HMAC-SHA256
20131027T173700Z
20131027/us-east-1/dynamodb/aws4_request
24e7471f12a0cfafe22f778ad61a6f9dc83307149a2675c6fa086e53edc9b7a6&quot;&gt;
2013-10-27 18:37:00,404 DEBUG [com.amazonaws.request] - &lt;Sending Request: POST https://dynamodb.us-east-1.amazonaws.com / Headers: (X-Amz-Date: 20131027T173700Z, Authorization: AWS4-HMAC-SHA256 Credential=AKIAJQ2HSONEW5E574UQ/20131027/us-east-1/dynamodb/aws4_request, SignedHeaders=content-length;content-type;host;user-agent;x-amz-date;x-amz-target, Signature=fe2e68e460a8ba44940f6e34e1ddb1adba5bf666419b4ec437576771fcc26280, Host: dynamodb.us-east-1.amazonaws.com, X-Amz-Target: DynamoDB_20120810.DescribeTable, Content-Length: 59, User-Agent: aws-sdk-java/1.6.1 Windows_7/6.1 Java_HotSpot(TM)_64-Bit_Server_VM/23.25-b01, Content-Type: application/x-amz-json-1.0, ) &gt;
2013-10-27 18:37:00,640 DEBUG [com.amazonaws.request] - &lt;Received successful response: 200, AWS Request ID: J6B7IF9LFTFBIP7QJIJJJQO003VV4KQNSO5AEMVJF66Q9ASUAAJG&gt;
2013-10-27 18:37:00,641 DEBUG [com.javiermoreno.aws.sdkdemo.DynamoDBTest] - &lt;Table status: CREATING.&gt;
2013-10-27 18:37:01,641 DEBUG [com.amazonaws.auth.AWS4Signer] - &lt;AWS4 Canonical Request: &apos;&quot;POST
/

content-length:59
content-type:application/x-amz-json-1.0
host:dynamodb.us-east-1.amazonaws.com
user-agent:aws-sdk-java/1.6.1 Windows_7/6.1 Java_HotSpot(TM)_64-Bit_Server_VM/23.25-b01
x-amz-date:20131027T173701Z
x-amz-target:DynamoDB_20120810.DescribeTable

content-length;content-type;host;user-agent;x-amz-date;x-amz-target
50c1b44e56ffbb5ba84d80e22f6929598a55585eca448d1d12cc21a8bbc04e70&quot;&gt;
2013-10-27 18:37:01,641 DEBUG [com.amazonaws.auth.AWS4Signer] - &lt;AWS4 String to Sign: &apos;&quot;AWS4-HMAC-SHA256
20131027T173701Z
20131027/us-east-1/dynamodb/aws4_request
046786957f5069aa8aae5979a552c83525321a7fb078f529571ed2ddcf299e41&quot;&gt;
2013-10-27 18:37:01,642 DEBUG [com.amazonaws.request] - &lt;Sending Request: POST https://dynamodb.us-east-1.amazonaws.com / Headers: (X-Amz-Date: 20131027T173701Z, Authorization: AWS4-HMAC-SHA256 Credential=AKIAJQ2HSONEW5E574UQ/20131027/us-east-1/dynamodb/aws4_request, SignedHeaders=content-length;content-type;host;user-agent;x-amz-date;x-amz-target, Signature=4b5405cc0a3e1563587fd3a70b80addf235d8e0d73f92b652ecb92c204edcbee, Host: dynamodb.us-east-1.amazonaws.com, X-Amz-Target: DynamoDB_20120810.DescribeTable, Content-Length: 59, User-Agent: aws-sdk-java/1.6.1 Windows_7/6.1 Java_HotSpot(TM)_64-Bit_Server_VM/23.25-b01, Content-Type: application/x-amz-json-1.0, ) &gt;
2013-10-27 18:37:02,363 DEBUG [com.amazonaws.request] - &lt;Received successful response: 200, AWS Request ID: 3590AOSONUK7N901L4AM40HPDBVV4KQNSO5AEMVJF66Q9ASUAAJG&gt;
2013-10-27 18:37:02,363 DEBUG [com.javiermoreno.aws.sdkdemo.DynamoDBTest] - &lt;Table status: CREATING.&gt;
2013-10-27 18:37:03,363 DEBUG [com.amazonaws.auth.AWS4Signer] - &lt;AWS4 Canonical Request: &apos;&quot;POST
/

content-length:59
content-type:application/x-amz-json-1.0
host:dynamodb.us-east-1.amazonaws.com
user-agent:aws-sdk-java/1.6.1 Windows_7/6.1 Java_HotSpot(TM)_64-Bit_Server_VM/23.25-b01
x-amz-date:20131027T173703Z
x-amz-target:DynamoDB_20120810.DescribeTable

content-length;content-type;host;user-agent;x-amz-date;x-amz-target
50c1b44e56ffbb5ba84d80e22f6929598a55585eca448d1d12cc21a8bbc04e70&quot;&gt;
2013-10-27 18:37:03,363 DEBUG [com.amazonaws.auth.AWS4Signer] - &lt;AWS4 String to Sign: &apos;&quot;AWS4-HMAC-SHA256
20131027T173703Z
20131027/us-east-1/dynamodb/aws4_request
4033df996ed4149db051883824e0a1b151030b266c27df3e6f1839b9b3e78f78&quot;&gt;
2013-10-27 18:37:03,364 DEBUG [com.amazonaws.request] - &lt;Sending Request: POST https://dynamodb.us-east-1.amazonaws.com / Headers: (X-Amz-Date: 20131027T173703Z, Authorization: AWS4-HMAC-SHA256 Credential=AKIAJQ2HSONEW5E574UQ/20131027/us-east-1/dynamodb/aws4_request, SignedHeaders=content-length;content-type;host;user-agent;x-amz-date;x-amz-target, Signature=8f9148ad6abb19f1872818cef5692f9fc1370749d67678dc70d9278dfd3575b9, Host: dynamodb.us-east-1.amazonaws.com, X-Amz-Target: DynamoDB_20120810.DescribeTable, Content-Length: 59, User-Agent: aws-sdk-java/1.6.1 Windows_7/6.1 Java_HotSpot(TM)_64-Bit_Server_VM/23.25-b01, Content-Type: application/x-amz-json-1.0, ) &gt;
2013-10-27 18:37:03,603 DEBUG [com.amazonaws.request] - &lt;Received successful response: 200, AWS Request ID: VUHB793AQN6OF9TQOMTD8AQQ8BVV4KQNSO5AEMVJF66Q9ASUAAJG&gt;
2013-10-27 18:37:03,603 DEBUG [com.javiermoreno.aws.sdkdemo.DynamoDBTest] - &lt;Table status: CREATING.&gt;
2013-10-27 18:37:04,603 DEBUG [com.amazonaws.auth.AWS4Signer] - &lt;AWS4 Canonical Request: &apos;&quot;POST
/

content-length:59
content-type:application/x-amz-json-1.0
host:dynamodb.us-east-1.amazonaws.com
user-agent:aws-sdk-java/1.6.1 Windows_7/6.1 Java_HotSpot(TM)_64-Bit_Server_VM/23.25-b01
x-amz-date:20131027T173704Z
x-amz-target:DynamoDB_20120810.DescribeTable

content-length;content-type;host;user-agent;x-amz-date;x-amz-target
50c1b44e56ffbb5ba84d80e22f6929598a55585eca448d1d12cc21a8bbc04e70&quot;&gt;
2013-10-27 18:37:04,603 DEBUG [com.amazonaws.auth.AWS4Signer] - &lt;AWS4 String to Sign: &apos;&quot;AWS4-HMAC-SHA256
20131027T173704Z
20131027/us-east-1/dynamodb/aws4_request
6ec5b21519dbe596491baaa62802871d4a1c6c2c92ce0364909f575c0827feb4&quot;&gt;
2013-10-27 18:37:04,604 DEBUG [com.amazonaws.request] - &lt;Sending Request: POST https://dynamodb.us-east-1.amazonaws.com / Headers: (X-Amz-Date: 20131027T173704Z, Authorization: AWS4-HMAC-SHA256 Credential=AKIAJQ2HSONEW5E574UQ/20131027/us-east-1/dynamodb/aws4_request, SignedHeaders=content-length;content-type;host;user-agent;x-amz-date;x-amz-target, Signature=da7873c4e24382077e481ac597656238dfec5e22aef9cfd3deacfd935657e0c5, Host: dynamodb.us-east-1.amazonaws.com, X-Amz-Target: DynamoDB_20120810.DescribeTable, Content-Length: 59, User-Agent: aws-sdk-java/1.6.1 Windows_7/6.1 Java_HotSpot(TM)_64-Bit_Server_VM/23.25-b01, Content-Type: application/x-amz-json-1.0, ) &gt;
2013-10-27 18:37:04,885 DEBUG [com.amazonaws.request] - &lt;Received successful response: 200, AWS Request ID: SMAOLKR4N7B8N0QRNHDQ4V2UKNVV4KQNSO5AEMVJF66Q9ASUAAJG&gt;
2013-10-27 18:37:04,885 DEBUG [com.javiermoreno.aws.sdkdemo.DynamoDBTest] - &lt;Table status: CREATING.&gt;
2013-10-27 18:37:05,886 DEBUG [com.amazonaws.auth.AWS4Signer] - &lt;AWS4 Canonical Request: &apos;&quot;POST
/

content-length:59
content-type:application/x-amz-json-1.0
host:dynamodb.us-east-1.amazonaws.com
user-agent:aws-sdk-java/1.6.1 Windows_7/6.1 Java_HotSpot(TM)_64-Bit_Server_VM/23.25-b01
x-amz-date:20131027T173705Z
x-amz-target:DynamoDB_20120810.DescribeTable

content-length;content-type;host;user-agent;x-amz-date;x-amz-target
50c1b44e56ffbb5ba84d80e22f6929598a55585eca448d1d12cc21a8bbc04e70&quot;&gt;
2013-10-27 18:37:05,886 DEBUG [com.amazonaws.auth.AWS4Signer] - &lt;AWS4 String to Sign: &apos;&quot;AWS4-HMAC-SHA256
20131027T173705Z
20131027/us-east-1/dynamodb/aws4_request
5e02e339f3ef9bedc38e320c1c7d267064f9de6aa0d7f90b55dfc7039bba4cee&quot;&gt;
2013-10-27 18:37:05,887 DEBUG [com.amazonaws.request] - &lt;Sending Request: POST https://dynamodb.us-east-1.amazonaws.com / Headers: (X-Amz-Date: 20131027T173705Z, Authorization: AWS4-HMAC-SHA256 Credential=AKIAJQ2HSONEW5E574UQ/20131027/us-east-1/dynamodb/aws4_request, SignedHeaders=content-length;content-type;host;user-agent;x-amz-date;x-amz-target, Signature=4c8a3e57d660e5c35a3988e8eeebfd0df2afd9cb68465b07b5ba8721de0a6ecc, Host: dynamodb.us-east-1.amazonaws.com, X-Amz-Target: DynamoDB_20120810.DescribeTable, Content-Length: 59, User-Agent: aws-sdk-java/1.6.1 Windows_7/6.1 Java_HotSpot(TM)_64-Bit_Server_VM/23.25-b01, Content-Type: application/x-amz-json-1.0, ) &gt;
2013-10-27 18:37:06,126 DEBUG [com.amazonaws.request] - &lt;Received successful response: 200, AWS Request ID: 95VKTLGI3QILEK7ROPSB1D1VJBVV4KQNSO5AEMVJF66Q9ASUAAJG&gt;
2013-10-27 18:37:06,126 DEBUG [com.javiermoreno.aws.sdkdemo.DynamoDBTest] - &lt;Table status: CREATING.&gt;
2013-10-27 18:37:07,126 DEBUG [com.amazonaws.auth.AWS4Signer] - &lt;AWS4 Canonical Request: &apos;&quot;POST
/

content-length:59
content-type:application/x-amz-json-1.0
host:dynamodb.us-east-1.amazonaws.com
user-agent:aws-sdk-java/1.6.1 Windows_7/6.1 Java_HotSpot(TM)_64-Bit_Server_VM/23.25-b01
x-amz-date:20131027T173707Z
x-amz-target:DynamoDB_20120810.DescribeTable

content-length;content-type;host;user-agent;x-amz-date;x-amz-target
50c1b44e56ffbb5ba84d80e22f6929598a55585eca448d1d12cc21a8bbc04e70&quot;&gt;
2013-10-27 18:37:07,126 DEBUG [com.amazonaws.auth.AWS4Signer] - &lt;AWS4 String to Sign: &apos;&quot;AWS4-HMAC-SHA256
20131027T173707Z
20131027/us-east-1/dynamodb/aws4_request
ad3f9509b9d93e354f00ddca6925706732b1102fb87bcfd98626ce5c671ebe7b&quot;&gt;
2013-10-27 18:37:07,127 DEBUG [com.amazonaws.request] - &lt;Sending Request: POST https://dynamodb.us-east-1.amazonaws.com / Headers: (X-Amz-Date: 20131027T173707Z, Authorization: AWS4-HMAC-SHA256 Credential=AKIAJQ2HSONEW5E574UQ/20131027/us-east-1/dynamodb/aws4_request, SignedHeaders=content-length;content-type;host;user-agent;x-amz-date;x-amz-target, Signature=a7bcd5e86670cc2620a2f2a2ad8832d91976278e07bf32163b0f5de0ee327e09, Host: dynamodb.us-east-1.amazonaws.com, X-Amz-Target: DynamoDB_20120810.DescribeTable, Content-Length: 59, User-Agent: aws-sdk-java/1.6.1 Windows_7/6.1 Java_HotSpot(TM)_64-Bit_Server_VM/23.25-b01, Content-Type: application/x-amz-json-1.0, ) &gt;
2013-10-27 18:37:07,395 DEBUG [com.amazonaws.request] - &lt;Received successful response: 200, AWS Request ID: 786IHSUNJ4TQ9HTQQ1525PS5NJVV4KQNSO5AEMVJF66Q9ASUAAJG&gt;
2013-10-27 18:37:07,396 DEBUG [com.javiermoreno.aws.sdkdemo.DynamoDBTest] - &lt;Table status: CREATING.&gt;
2013-10-27 18:37:08,396 DEBUG [com.amazonaws.auth.AWS4Signer] - &lt;AWS4 Canonical Request: &apos;&quot;POST
/

content-length:59
content-type:application/x-amz-json-1.0
host:dynamodb.us-east-1.amazonaws.com
user-agent:aws-sdk-java/1.6.1 Windows_7/6.1 Java_HotSpot(TM)_64-Bit_Server_VM/23.25-b01
x-amz-date:20131027T173708Z
x-amz-target:DynamoDB_20120810.DescribeTable

content-length;content-type;host;user-agent;x-amz-date;x-amz-target
50c1b44e56ffbb5ba84d80e22f6929598a55585eca448d1d12cc21a8bbc04e70&quot;&gt;
2013-10-27 18:37:08,396 DEBUG [com.amazonaws.auth.AWS4Signer] - &lt;AWS4 String to Sign: &apos;&quot;AWS4-HMAC-SHA256
20131027T173708Z
20131027/us-east-1/dynamodb/aws4_request
8b68d3d28264d75319dcab33b261406e19ee71bd481bda05ed880243cee23edd&quot;&gt;
2013-10-27 18:37:08,397 DEBUG [com.amazonaws.request] - &lt;Sending Request: POST https://dynamodb.us-east-1.amazonaws.com / Headers: (X-Amz-Date: 20131027T173708Z, Authorization: AWS4-HMAC-SHA256 Credential=AKIAJQ2HSONEW5E574UQ/20131027/us-east-1/dynamodb/aws4_request, SignedHeaders=content-length;content-type;host;user-agent;x-amz-date;x-amz-target, Signature=91838f51ad431ea8ef7d5ec6c662af8f896005861ed14f029fb38eebfefffb83, Host: dynamodb.us-east-1.amazonaws.com, X-Amz-Target: DynamoDB_20120810.DescribeTable, Content-Length: 59, User-Agent: aws-sdk-java/1.6.1 Windows_7/6.1 Java_HotSpot(TM)_64-Bit_Server_VM/23.25-b01, Content-Type: application/x-amz-json-1.0, ) &gt;
2013-10-27 18:37:08,704 DEBUG [com.amazonaws.request] - &lt;Received successful response: 200, AWS Request ID: 87FJSJSSOIC57DO4JBEGPEESDRVV4KQNSO5AEMVJF66Q9ASUAAJG&gt;
2013-10-27 18:37:08,704 DEBUG [com.javiermoreno.aws.sdkdemo.DynamoDBTest] - &lt;Table status: CREATING.&gt;
2013-10-27 18:37:09,704 DEBUG [com.amazonaws.auth.AWS4Signer] - &lt;AWS4 Canonical Request: &apos;&quot;POST
/

content-length:59
content-type:application/x-amz-json-1.0
host:dynamodb.us-east-1.amazonaws.com
user-agent:aws-sdk-java/1.6.1 Windows_7/6.1 Java_HotSpot(TM)_64-Bit_Server_VM/23.25-b01
x-amz-date:20131027T173709Z
x-amz-target:DynamoDB_20120810.DescribeTable

content-length;content-type;host;user-agent;x-amz-date;x-amz-target
50c1b44e56ffbb5ba84d80e22f6929598a55585eca448d1d12cc21a8bbc04e70&quot;&gt;
2013-10-27 18:37:09,705 DEBUG [com.amazonaws.auth.AWS4Signer] - &lt;AWS4 String to Sign: &apos;&quot;AWS4-HMAC-SHA256
20131027T173709Z
20131027/us-east-1/dynamodb/aws4_request
8386b3437f63abf0e9d7a88493a4d388b382e3d2f781c283f1f2ad9cb4a8d60a&quot;&gt;
2013-10-27 18:37:09,705 DEBUG [com.amazonaws.request] - &lt;Sending Request: POST https://dynamodb.us-east-1.amazonaws.com / Headers: (X-Amz-Date: 20131027T173709Z, Authorization: AWS4-HMAC-SHA256 Credential=AKIAJQ2HSONEW5E574UQ/20131027/us-east-1/dynamodb/aws4_request, SignedHeaders=content-length;content-type;host;user-agent;x-amz-date;x-amz-target, Signature=2610637225f02683a0f851e8eac31145577402e8681d12b6d0499be229a6264d, Host: dynamodb.us-east-1.amazonaws.com, X-Amz-Target: DynamoDB_20120810.DescribeTable, Content-Length: 59, User-Agent: aws-sdk-java/1.6.1 Windows_7/6.1 Java_HotSpot(TM)_64-Bit_Server_VM/23.25-b01, Content-Type: application/x-amz-json-1.0, ) &gt;
2013-10-27 18:37:09,955 DEBUG [com.amazonaws.request] - &lt;Received successful response: 200, AWS Request ID: 0SSQF2TVPOC74MG74AJ30K24BNVV4KQNSO5AEMVJF66Q9ASUAAJG&gt;
2013-10-27 18:37:09,956 DEBUG [com.javiermoreno.aws.sdkdemo.DynamoDBTest] - &lt;Table status: CREATING.&gt;
2013-10-27 18:37:10,956 DEBUG [com.amazonaws.auth.AWS4Signer] - &lt;AWS4 Canonical Request: &apos;&quot;POST
/

content-length:59
content-type:application/x-amz-json-1.0
host:dynamodb.us-east-1.amazonaws.com
user-agent:aws-sdk-java/1.6.1 Windows_7/6.1 Java_HotSpot(TM)_64-Bit_Server_VM/23.25-b01
x-amz-date:20131027T173710Z
x-amz-target:DynamoDB_20120810.DescribeTable

content-length;content-type;host;user-agent;x-amz-date;x-amz-target
50c1b44e56ffbb5ba84d80e22f6929598a55585eca448d1d12cc21a8bbc04e70&quot;&gt;
2013-10-27 18:37:10,957 DEBUG [com.amazonaws.auth.AWS4Signer] - &lt;AWS4 String to Sign: &apos;&quot;AWS4-HMAC-SHA256
20131027T173710Z
20131027/us-east-1/dynamodb/aws4_request
20f0b13cc6c71f6d7776eeb37eb638e27536e02c71314883b7d17a2a7d5fe3d0&quot;&gt;
2013-10-27 18:37:10,957 DEBUG [com.amazonaws.request] - &lt;Sending Request: POST https://dynamodb.us-east-1.amazonaws.com / Headers: (X-Amz-Date: 20131027T173710Z, Authorization: AWS4-HMAC-SHA256 Credential=AKIAJQ2HSONEW5E574UQ/20131027/us-east-1/dynamodb/aws4_request, SignedHeaders=content-length;content-type;host;user-agent;x-amz-date;x-amz-target, Signature=82bc7b1d694247cabb3f1a8c179db77f80f109d613da873c3f914c8682ac153c, Host: dynamodb.us-east-1.amazonaws.com, X-Amz-Target: DynamoDB_20120810.DescribeTable, Content-Length: 59, User-Agent: aws-sdk-java/1.6.1 Windows_7/6.1 Java_HotSpot(TM)_64-Bit_Server_VM/23.25-b01, Content-Type: application/x-amz-json-1.0, ) &gt;
2013-10-27 18:37:11,169 DEBUG [com.amazonaws.request] - &lt;Received successful response: 200, AWS Request ID: RL0J70534NC8L1O6L6O3H6HFEBVV4KQNSO5AEMVJF66Q9ASUAAJG&gt;
2013-10-27 18:37:11,169 DEBUG [com.javiermoreno.aws.sdkdemo.DynamoDBTest] - &lt;Table status: CREATING.&gt;
2013-10-27 18:37:11,174 DEBUG [com.amazonaws.services.dynamodbv2.AmazonDynamoDB] - &lt;Overriding default max error retry value to: 10&gt;
2013-10-27 18:37:11,178 INFO [com.javiermoreno.aws.sdkdemo.DynamoDBTest] - &lt;deleting table patiensd4de1e11-a02c-4f9f-a5ea-595eb7a883b6.&gt;
2013-10-27 18:37:11,181 DEBUG [com.amazonaws.auth.AWS4Signer] - &lt;AWS4 Canonical Request: &apos;&quot;POST
/

content-length:59
content-type:application/x-amz-json-1.0
host:dynamodb.us-east-1.amazonaws.com
user-agent:aws-sdk-java/1.6.1 Windows_7/6.1 Java_HotSpot(TM)_64-Bit_Server_VM/23.25-b01
x-amz-date:20131027T173711Z
x-amz-target:DynamoDB_20120810.DeleteTable

content-length;content-type;host;user-agent;x-amz-date;x-amz-target
50c1b44e56ffbb5ba84d80e22f6929598a55585eca448d1d12cc21a8bbc04e70&quot;&gt;
2013-10-27 18:37:11,181 DEBUG [com.amazonaws.auth.AWS4Signer] - &lt;AWS4 String to Sign: &apos;&quot;AWS4-HMAC-SHA256
20131027T173711Z
20131027/us-east-1/dynamodb/aws4_request
087b6d0278f7e7450ab03c572c45c4fd8531b02c21e142c980113271f1998196&quot;&gt;
2013-10-27 18:37:11,181 DEBUG [com.amazonaws.request] - &lt;Sending Request: POST https://dynamodb.us-east-1.amazonaws.com / Headers: (X-Amz-Date: 20131027T173711Z, Authorization: AWS4-HMAC-SHA256 Credential=AKIAJQ2HSONEW5E574UQ/20131027/us-east-1/dynamodb/aws4_request, SignedHeaders=content-length;content-type;host;user-agent;x-amz-date;x-amz-target, Signature=9ac6a7dc578a050ce57f5596ea2dccf3ddc2c26580900fdf0ca59ab95e5d805e, Host: dynamodb.us-east-1.amazonaws.com, X-Amz-Target: DynamoDB_20120810.DeleteTable, Content-Length: 59, User-Agent: aws-sdk-java/1.6.1 Windows_7/6.1 Java_HotSpot(TM)_64-Bit_Server_VM/23.25-b01, Content-Type: application/x-amz-json-1.0, ) &gt;
2013-10-27 18:37:14,900 DEBUG [com.amazonaws.request] - &lt;Received error response: com.amazonaws.services.dynamodbv2.model.ResourceInUseException: Status Code: 400, AWS Service: AmazonDynamoDBv2, AWS Request ID: KVPQL0NBGPA0MBLIV0ELPPQSU7VV4KQNSO5AEMVJF66Q9ASUAAJG, AWS Error Code: ResourceInUseException, AWS Error Message: Attempt to change a resource which is still in use: Table is being created: patiensd4de1e11-a02c-4f9f-a5ea-595eb7a883b6&gt;
</system-out>
  </testcase>
  <testcase time="0.004" classname="com.javiermoreno.aws.sdkdemo.DynamoDBTest" name="com.javiermoreno.aws.sdkdemo.DynamoDBTest">
    <error message="Status Code: 400, AWS Service: AmazonDynamoDBv2, AWS Request ID: KVPQL0NBGPA0MBLIV0ELPPQSU7VV4KQNSO5AEMVJF66Q9ASUAAJG, AWS Error Code: ResourceInUseException, AWS Error Message: Attempt to change a resource which is still in use: Table is being created: patiensd4de1e11-a02c-4f9f-a5ea-595eb7a883b6" type="com.amazonaws.services.dynamodbv2.model.ResourceInUseException">com.amazonaws.services.dynamodbv2.model.ResourceInUseException: Status Code: 400, AWS Service: AmazonDynamoDBv2, AWS Request ID: KVPQL0NBGPA0MBLIV0ELPPQSU7VV4KQNSO5AEMVJF66Q9ASUAAJG, AWS Error Code: ResourceInUseException, AWS Error Message: Attempt to change a resource which is still in use: Table is being created: patiensd4de1e11-a02c-4f9f-a5ea-595eb7a883b6
	at com.amazonaws.http.AmazonHttpClient.handleErrorResponse(AmazonHttpClient.java:686)
	at com.amazonaws.http.AmazonHttpClient.executeHelper(AmazonHttpClient.java:350)
	at com.amazonaws.http.AmazonHttpClient.execute(AmazonHttpClient.java:202)
	at com.amazonaws.services.dynamodbv2.AmazonDynamoDBClient.invoke(AmazonDynamoDBClient.java:1217)
	at com.amazonaws.services.dynamodbv2.AmazonDynamoDBClient.deleteTable(AmazonDynamoDBClient.java:419)
	at com.javiermoreno.aws.sdkdemo.DynamoDBTest.checkDeleteTable(DynamoDBTest.java:108)
	at sun.reflect.NativeMethodAccessorImpl.invoke0(Native Method)
	at sun.reflect.NativeMethodAccessorImpl.invoke(NativeMethodAccessorImpl.java:57)
	at sun.reflect.DelegatingMethodAccessorImpl.invoke(DelegatingMethodAccessorImpl.java:43)
	at java.lang.reflect.Method.invoke(Method.java:606)
	at org.junit.runners.model.FrameworkMethod$1.runReflectiveCall(FrameworkMethod.java:47)
	at org.junit.internal.runners.model.ReflectiveCallable.run(ReflectiveCallable.java:12)
	at org.junit.runners.model.FrameworkMethod.invokeExplosively(FrameworkMethod.java:44)
	at org.junit.internal.runners.statements.RunAfters.evaluate(RunAfters.java:33)
	at org.junit.runners.ParentRunner.run(ParentRunner.java:309)
	at org.apache.maven.surefire.junit4.JUnit4TestSet.execute(JUnit4TestSet.java:53)
	at org.apache.maven.surefire.junit4.JUnit4Provider.executeTestSet(JUnit4Provider.java:123)
	at org.apache.maven.surefire.junit4.JUnit4Provider.invoke(JUnit4Provider.java:104)
	at sun.reflect.NativeMethodAccessorImpl.invoke0(Native Method)
	at sun.reflect.NativeMethodAccessorImpl.invoke(NativeMethodAccessorImpl.java:57)
	at sun.reflect.DelegatingMethodAccessorImpl.invoke(DelegatingMethodAccessorImpl.java:43)
	at java.lang.reflect.Method.invoke(Method.java:606)
	at org.apache.maven.surefire.util.ReflectionUtils.invokeMethodWithArray(ReflectionUtils.java:164)
	at org.apache.maven.surefire.booter.ProviderFactory$ProviderProxy.invoke(ProviderFactory.java:110)
	at org.apache.maven.surefire.booter.SurefireStarter.invokeProvider(SurefireStarter.java:175)
	at org.apache.maven.surefire.booter.SurefireStarter.runSuitesInProcessWhenForked(SurefireStarter.java:107)
	at org.apache.maven.surefire.booter.ForkedBooter.main(ForkedBooter.java:68)
</error>
  </testcase>
</testsuite>